\BOOKMARK [0][-]{chapter.1}{\376\377\000C\000h\000a\000p\000t\000e\000r\000\040\0001\000:\000\040\000C\000h\000a\000r\000a\000c\000t\000e\000r\000\040\000C\000r\000e\000a\000t\000i\000o\000n}{}% 1
\BOOKMARK [1][-]{subsection.1.0.1}{\376\377\000C\000h\000o\000o\000s\000e\000\040\000a\000n\000\040\000E\000x\000a\000m\000p\000l\000e\000\040\000C\000h\000a\000r\000a\000c\000t\000e\000r\000\040\000\046\000\040\000M\000o\000d\000i\000f\000y\000\040\000I\000t}{chapter.1}% 2
\BOOKMARK [1][-]{section.1.1}{\376\377\000S\000t\000e\000p\000\040\0001\000:\000\040\000C\000h\000o\000o\000s\000e\000\040\000A\000t\000t\000r\000i\000b\000u\000t\000e\000s}{chapter.1}% 3
\BOOKMARK [2][-]{subsection.1.1.1}{\376\377\000Q\000u\000i\000c\000k\000\040\000B\000u\000i\000l\000d}{section.1.1}% 4
\BOOKMARK [2][-]{subsection.1.1.2}{\376\377\000C\000u\000s\000t\000o\000m\000\040\000B\000u\000i\000l\000d}{section.1.1}% 5
\BOOKMARK [2][-]{subsection.1.1.3}{\376\377\000A\000r\000c\000h\000e\000t\000y\000p\000e\000\040\000B\000u\000i\000l\000d}{section.1.1}% 6
\BOOKMARK [2][-]{subsection.1.1.4}{\376\377\000R\000e\000c\000o\000r\000d\000\040\000A\000t\000t\000r\000i\000b\000u\000t\000e\000\040\000D\000i\000c\000e}{section.1.1}% 7
\BOOKMARK [2][-]{subsection.1.1.5}{\376\377\000R\000o\000l\000l\000\040\000T\000h\000e\000m\000\040\000B\000o\000n\000e\000s}{section.1.1}% 8
\BOOKMARK [1][-]{section.1.2}{\376\377\000S\000t\000e\000p\000\040\0002\000:\000\040\000C\000a\000l\000c\000u\000l\000a\000t\000e\000\040\000D\000e\000f\000e\000n\000s\000e\000s\000\040\000a\000n\000d\000\040\000H\000i\000t\000\040\000P\000o\000i\000n\000t\000s}{chapter.1}% 9
\BOOKMARK [1][-]{section.1.3}{\376\377\000S\000t\000e\000p\000\040\0003\000:\000\040\000P\000u\000r\000c\000h\000a\000s\000e\000\040\000F\000e\000a\000t\000s}{chapter.1}% 10
\BOOKMARK [2][-]{subsection.1.3.1}{\376\377\000C\000h\000o\000o\000s\000e\000\040\000y\000o\000u\000r\000\040\000f\000e\000a\000t\000s}{section.1.3}% 11
\BOOKMARK [1][-]{section.1.4}{\376\377\000S\000t\000e\000p\000\040\0004\000:\000\040\000C\000h\000o\000o\000s\000e\000\040\000Y\000o\000u\000r\000\040\000R\000a\000c\000e}{chapter.1}% 12
\BOOKMARK [2][-]{subsection.1.4.1}{\376\377\000C\000e\000l\000e\000s\000t\000i\000a\000l}{section.1.4}% 13
\BOOKMARK [2][-]{subsection.1.4.2}{\376\377\000D\000r\000a\000g\000o\000n\000b\000l\000o\000o\000d}{section.1.4}% 14
\BOOKMARK [2][-]{subsection.1.4.3}{\376\377\000D\000w\000a\000r\000f}{section.1.4}% 15
\BOOKMARK [2][-]{subsection.1.4.4}{\376\377\000E\000l\000f}{section.1.4}% 16
\BOOKMARK [2][-]{subsection.1.4.5}{\376\377\000F\000e\000y\000t\000o\000u\000c\000h\000e\000d}{section.1.4}% 17
\BOOKMARK [2][-]{subsection.1.4.6}{\376\377\000H\000a\000l\000f\000-\000O\000r\000c}{section.1.4}% 18
\BOOKMARK [2][-]{subsection.1.4.7}{\376\377\000H\000a\000l\000f\000l\000i\000n\000g}{section.1.4}% 19
\BOOKMARK [2][-]{subsection.1.4.8}{\376\377\000H\000u\000m\000a\000n}{section.1.4}% 20
\BOOKMARK [1][-]{section.1.5}{\376\377\000S\000t\000e\000p\000\040\0005\000:\000\040\000C\000h\000o\000o\000s\000e\000\040\000S\000t\000a\000r\000t\000i\000n\000g\000\040\000E\000q\000u\000i\000p\000m\000e\000n\000t}{chapter.1}% 21
\BOOKMARK [1][-]{section.1.6}{\376\377\000S\000t\000e\000p\000\040\0006\000:\000\040\000D\000e\000s\000c\000r\000i\000b\000e\000\040\000Y\000o\000u\000r\000\040\000C\000h\000a\000r\000a\000c\000t\000e\000r}{chapter.1}% 22
\BOOKMARK [2][-]{subsection.1.6.1}{\376\377\000T\000e\000l\000l\000\040\000Y\000o\000u\000r\000\040\000S\000t\000o\000r\000y}{section.1.6}% 23
\BOOKMARK [2][-]{subsection.1.6.2}{\376\377\000R\000e\000l\000a\000x}{section.1.6}% 24
\BOOKMARK [2][-]{subsection.1.6.3}{\376\377\000R\000e\000s\000p\000e\000c\000t\000\040\000t\000h\000e\000\040\000G\000M}{section.1.6}% 25
\BOOKMARK [2][-]{subsection.1.6.4}{\376\377\000R\000e\000s\000p\000e\000c\000t\000\040\000t\000h\000e\000\040\000O\000t\000h\000e\000r\000\040\000P\000l\000a\000y\000e\000r\000s}{section.1.6}% 26
\BOOKMARK [1][-]{section.1.7}{\376\377\000B\000e\000y\000o\000n\000d\000\040\000F\000i\000r\000s\000t\000\040\000L\000e\000v\000e\000l}{chapter.1}% 27
\BOOKMARK [2][-]{subsection.1.7.1}{\376\377\000N\000e\000w\000\040\000A\000t\000t\000r\000i\000b\000u\000t\000e\000\040\000P\000o\000i\000n\000t\000s}{section.1.7}% 28
\BOOKMARK [2][-]{subsection.1.7.2}{\376\377\000N\000e\000w\000\040\000F\000e\000a\000t\000s}{section.1.7}% 29
\BOOKMARK [2][-]{subsection.1.7.3}{\376\377\000N\000e\000w\000\040\000H\000i\000t\000\040\000P\000o\000i\000n\000t\000s}{section.1.7}% 30
\BOOKMARK [0][-]{chapter.2}{\376\377\000C\000o\000n\000c\000e\000r\000n\000i\000n\000g\000\040\000H\000e\000r\000e\000d\000i\000t\000a\000r\000y\000\040\000P\000r\000i\000n\000c\000i\000p\000a\000l\000i\000t\000i\000e\000s}{}% 31
