This is XeTeX, Version 3.14159265-2.6-0.99992 (TeX Live 2015) (preloaded format=xelatex 2015.12.28)  19 APR 2016 21:34
entering extended mode
 restricted \write18 enabled.
 %&-line parsing enabled.
**./tex/my-book.tex
(./tex/my-book.tex
LaTeX2e <2015/10/01> patch level 2
Babel <3.9m> and hyphenation patterns for 79 languages loaded.
(/texlive/2015/texmf-dist/tex/latex/base/report.cls
Document Class: report 2014/09/29 v1.4h Standard LaTeX document class
(/texlive/2015/texmf-dist/tex/latex/base/size12.clo
File: size12.clo 2014/09/29 v1.4h Standard LaTeX file (size option)
)
\c@part=\count79
\c@chapter=\count80
\c@section=\count81
\c@subsection=\count82
\c@subsubsection=\count83
\c@paragraph=\count84
\c@subparagraph=\count85
\c@figure=\count86
\c@table=\count87
\abovecaptionskip=\skip41
\belowcaptionskip=\skip42
\bibindent=\dimen102
)
(/texlive/2015/texmf-dist/tex/latex/geometry/geometry.sty
Package: geometry 2010/09/12 v5.6 Page Geometry

(/texlive/2015/texmf-dist/tex/latex/graphics/keyval.sty
Package: keyval 2014/10/28 v1.15 key=value parser (DPC)
\KV@toks@=\toks14
)
(/texlive/2015/texmf-dist/tex/generic/oberdiek/ifpdf.sty
Package: ifpdf 2011/01/30 v2.3 Provides the ifpdf switch (HO)
Package ifpdf Info: pdfTeX in PDF mode is not detected.
)
(/texlive/2015/texmf-dist/tex/generic/oberdiek/ifvtex.sty
Package: ifvtex 2010/03/01 v1.5 Detect VTeX and its facilities (HO)
Package ifvtex Info: VTeX not detected.
)
(/texlive/2015/texmf-dist/tex/generic/ifxetex/ifxetex.sty
Package: ifxetex 2010/09/12 v0.6 Provides ifxetex conditional
)
\Gm@cnth=\count88
\Gm@cntv=\count89
\c@Gm@tempcnt=\count90
\Gm@bindingoffset=\dimen103
\Gm@wd@mp=\dimen104
\Gm@odd@mp=\dimen105
\Gm@even@mp=\dimen106
\Gm@layoutwidth=\dimen107
\Gm@layoutheight=\dimen108
\Gm@layouthoffset=\dimen109
\Gm@layoutvoffset=\dimen110
\Gm@dimlist=\toks15
)
(/texlive/2015/texmf-dist/tex/latex/fontspec/fontspec.sty
Package: fontspec 2015/09/24 v2.4e Font selection for XeLaTeX and LuaLaTeX

(/texlive/2015/texmf-dist/tex/latex/l3kernel/expl3.sty
Package: expl3 2015/12/20 v6326 L3 programming layer (loader) 

(/texlive/2015/texmf-dist/tex/latex/l3kernel/expl3-code.tex
Package: expl3 2015/12/20 v6326 L3 programming layer (code)
L3 Module: l3bootstrap 2015/12/15 v6320 L3 Bootstrap code
L3 Module: l3names 2015/11/16 v6276 L3 Namespace for primitives
L3 Module: l3basics 2015/11/22 v6315 L3 Basic definitions
L3 Module: l3expan 2015/09/10 v5983 L3 Argument expansion
L3 Module: l3tl 2015/09/29 v6121 L3 Token lists
L3 Module: l3str 2015/12/20 v6325 L3 Strings
L3 Module: l3seq 2015/08/05 v5777 L3 Sequences and stacks
L3 Module: l3int 2015/09/25 v6089 L3 Integers
\c_max_int=\count91
\l_tmpa_int=\count92
\l_tmpb_int=\count93
\g_tmpa_int=\count94
\g_tmpb_int=\count95
L3 Module: l3quark 2015/08/17 v5855 L3 Quarks
L3 Module: l3prg 2015/11/01 v6216 L3 Control structures
\g__prg_map_int=\count96
L3 Module: l3clist 2015/09/02 v5901 L3 Comma separated lists
L3 Module: l3token 2015/11/11 v6249 L3 Experimental token manipulation
L3 Module: l3prop 2015/08/05 v5777 L3 Property lists
L3 Module: l3msg 2015/09/28 v6113 L3 Messages
L3 Module: l3file 2015/12/03 v6317 L3 File and I/O operations
\l_iow_line_count_int=\count97
\l__iow_target_count_int=\count98
\l__iow_current_line_int=\count99
\l__iow_current_word_int=\count100
\l__iow_current_indentation_int=\count101
L3 Module: l3skip 2015/09/25 v6089 L3 Dimensions and skips
\c_zero_dim=\dimen111
\c_max_dim=\dimen112
\l_tmpa_dim=\dimen113
\l_tmpb_dim=\dimen114
\g_tmpa_dim=\dimen115
\g_tmpb_dim=\dimen116
\c_zero_skip=\skip43
\c_max_skip=\skip44
\l_tmpa_skip=\skip45
\l_tmpb_skip=\skip46
\g_tmpa_skip=\skip47
\g_tmpb_skip=\skip48
\c_zero_muskip=\muskip10
\c_max_muskip=\muskip11
\l_tmpa_muskip=\muskip12
\l_tmpb_muskip=\muskip13
\g_tmpa_muskip=\muskip14
\g_tmpb_muskip=\muskip15
L3 Module: l3keys 2015/11/17 v6284 L3 Key-value interfaces
\g__keyval_level_int=\count102
\l_keys_choice_int=\count103
L3 Module: l3fp 2015/08/25 v5890 L3 Floating points
\c__fp_leading_shift_int=\count104
\c__fp_middle_shift_int=\count105
\c__fp_trailing_shift_int=\count106
\c__fp_big_leading_shift_int=\count107
\c__fp_big_middle_shift_int=\count108
\c__fp_big_trailing_shift_int=\count109
\c__fp_Bigg_leading_shift_int=\count110
\c__fp_Bigg_middle_shift_int=\count111
\c__fp_Bigg_trailing_shift_int=\count112
L3 Module: l3box 2015/08/09 v5822 L3 Experimental boxes
\c_empty_box=\box26
\l_tmpa_box=\box27
\l_tmpb_box=\box28
\g_tmpa_box=\box29
\g_tmpb_box=\box30
L3 Module: l3coffins 2015/08/06 v5789 L3 Coffin code layer
\l__coffin_internal_box=\box31
\l__coffin_internal_dim=\dimen117
\l__coffin_offset_x_dim=\dimen118
\l__coffin_offset_y_dim=\dimen119
\l__coffin_x_dim=\dimen120
\l__coffin_y_dim=\dimen121
\l__coffin_x_prime_dim=\dimen122
\l__coffin_y_prime_dim=\dimen123
\c_empty_coffin=\box32
\l__coffin_aligned_coffin=\box33
\l__coffin_aligned_internal_coffin=\box34
\l_tmpa_coffin=\box35
\l_tmpb_coffin=\box36
\l__coffin_display_coffin=\box37
\l__coffin_display_coord_coffin=\box38
\l__coffin_display_pole_coffin=\box39
\l__coffin_display_offset_dim=\dimen124
\l__coffin_display_x_dim=\dimen125
\l__coffin_display_y_dim=\dimen126
L3 Module: l3color 2014/08/23 v5354 L3 Experimental color support
L3 Module: l3candidates 2015/12/20 v6325 L3 Experimental additions to l3kernel
\l__box_top_dim=\dimen127
\l__box_bottom_dim=\dimen128
\l__box_left_dim=\dimen129
\l__box_right_dim=\dimen130
\l__box_top_new_dim=\dimen131
\l__box_bottom_new_dim=\dimen132
\l__box_left_new_dim=\dimen133
\l__box_right_new_dim=\dimen134
\l__box_internal_box=\box40
\l__coffin_bounding_shift_dim=\dimen135
\l__coffin_left_corner_dim=\dimen136
\l__coffin_right_corner_dim=\dimen137
\l__coffin_bottom_corner_dim=\dimen138
\l__coffin_top_corner_dim=\dimen139
\l__coffin_scaled_total_height_dim=\dimen140
\l__coffin_scaled_width_dim=\dimen141
L3 Module: l3sys 2015/09/25 v6087 L3 Experimental system/runtime functions
L3 Module: l3luatex 2015/11/11 v6250 L3 Experimental LuaTeX-specific functions
)
(/texlive/2015/texmf-dist/tex/latex/l3kernel/l3xdvipdfmx.def
File: l3xdvidpfmx.def 2015/11/11 v6250 L3 Experimental driver: xdvipdfmx
))
(/texlive/2015/texmf-dist/tex/latex/l3packages/xparse/xparse.sty
Package: xparse 2015/12/20 v6326 L3 Experimental document command parser
\l__xparse_current_arg_int=\count113
\l__xparse_m_args_int=\count114
\l__xparse_mandatory_args_int=\count115
\l__xparse_processor_int=\count116
\l__xparse_v_nesting_int=\count117
)
\l_fontspec_script_int=\count118
\l_fontspec_language_int=\count119
\l_fontspec_strnum_int=\count120
\l__fontspec_tmpa_dim=\dimen142
\l__fontspec_tmpb_dim=\dimen143
\l__fontspec_tmpc_dim=\dimen144

(/texlive/2015/texmf-dist/tex/latex/fontspec/fontspec-patches.sty
Package: fontspec-patches 2015/09/24 v2.4e Font selection for XeLaTeX and LuaLa
TeX
LaTeX Info: Redefining \em on input line 49.
LaTeX Info: Redefining \emph on input line 57.
LaTeX Info: Redefining \- on input line 60.
.................................................
. LaTeX info: "xparse/redefine-command"
. 
. Redefining command \oldstylenums with sig. 'm' on line 155.
.................................................
.................................................
. LaTeX info: "xparse/define-command"
. 
. Defining command \liningnums with sig. 'm' on line 159.
.................................................
)
(/texlive/2015/texmf-dist/tex/latex/fontspec/fontspec-xetex.sty
Package: fontspec-xetex 2015/09/24 v2.4e Font selection for XeLaTeX and LuaLaTe
X

(/texlive/2015/texmf-dist/tex/latex/base/fontenc.sty
Package: fontenc 2005/09/27 v1.99g Standard LaTeX package

(/texlive/2015/texmf-dist/tex/latex/euenc/eu1enc.def
File: eu1enc.def 2010/05/27 v0.1h Experimental Unicode font encodings
)
LaTeX Font Info:    Try loading font information for EU1+lmr on input line 105.


(/texlive/2015/texmf-dist/tex/latex/euenc/eu1lmr.fd
File: eu1lmr.fd 2009/10/30 v1.6 Font defs for Latin Modern
))
(/texlive/2015/texmf-dist/tex/xelatex/xunicode/xunicode.sty
File: xunicode.sty 2011/09/09 v0.981 provides access to latin accents and many 
other characters in Unicode lower plane

(/texlive/2015/texmf-dist/tex/latex/tipa/t3enc.def
File: t3enc.def 2001/12/31 T3 encoding
LaTeX Font Info:    Try loading font information for EU1+lmss on input line 357
.

(/texlive/2015/texmf-dist/tex/latex/euenc/eu1lmss.fd
File: eu1lmss.fd 2009/10/30 v1.6 Font defs for Latin Modern
))
\tipaTiiicode=\count121
\tipasavetokens=\toks16
\tipachecktokens=\toks17

(/texlive/2015/texmf-dist/tex/latex/graphics/graphicx.sty
Package: graphicx 2014/10/28 v1.0g Enhanced LaTeX Graphics (DPC,SPQR)

(/texlive/2015/texmf-dist/tex/latex/graphics/graphics.sty
Package: graphics 2014/10/28 v1.0p Standard LaTeX Graphics (DPC,SPQR)

(/texlive/2015/texmf-dist/tex/latex/graphics/trig.sty
Package: trig 1999/03/16 v1.09 sin cos tan (DPC)
)
(/texlive/2015/texmf-dist/tex/latex/latexconfig/graphics.cfg
File: graphics.cfg 2010/04/23 v1.9 graphics configuration of TeX Live
)
Package graphics Info: Driver file: xetex.def on input line 94.

(/texlive/2015/texmf-dist/tex/xelatex/xetex-def/xetex.def
File: xetex.def 2015/09/11 v4.06 LaTeX color/graphics driver for XeTeX (TeX Liv
e/RRM/JK)

(/texlive/2015/texmf-dist/tex/generic/oberdiek/infwarerr.sty
Package: infwarerr 2010/04/08 v1.3 Providing info/warning/error messages (HO)
)
(/texlive/2015/texmf-dist/tex/generic/oberdiek/ltxcmds.sty
Package: ltxcmds 2011/11/09 v1.22 LaTeX kernel commands for general use (HO)
)))
\Gin@req@height=\dimen145
\Gin@req@width=\dimen146
))
.................................................
. LaTeX info: "xparse/define-command"
. 
. Defining command \__fontspec_post_arg:w with sig. 'mmO{}' on line 42.
.................................................
.................................................
. LaTeX info: "xparse/define-command"
. 
. Defining command \fontspec with sig. 'om' on line 44.
.................................................
.................................................
. LaTeX info: "xparse/define-command"
. 
. Defining command \setmainfont with sig. 'om' on line 54.
.................................................
.................................................
. LaTeX info: "xparse/define-command"
. 
. Defining command \setsansfont with sig. 'om' on line 64.
.................................................
.................................................
. LaTeX info: "xparse/define-command"
. 
. Defining command \setmonofont with sig. 'om' on line 74.
.................................................
.................................................
. LaTeX info: "xparse/define-command"
. 
. Defining command \setmathrm with sig. 'om' on line 88.
.................................................
.................................................
. LaTeX info: "xparse/define-command"
. 
. Defining command \setboldmathrm with sig. 'om' on line 96.
.................................................
.................................................
. LaTeX info: "xparse/define-command"
. 
. Defining command \setmathsf with sig. 'om' on line 104.
.................................................
.................................................
. LaTeX info: "xparse/define-command"
. 
. Defining command \setmathtt with sig. 'om' on line 112.
.................................................
.................................................
. LaTeX info: "xparse/define-command"
. 
. Defining command \newfontfamily with sig. 'mom' on line 126.
.................................................
.................................................
. LaTeX info: "xparse/define-command"
. 
. Defining command \newfontface with sig. 'mom' on line 141.
.................................................
.................................................
. LaTeX info: "xparse/define-command"
. 
. Defining command \defaultfontfeatures with sig. 't+om' on line 155.
.................................................
.................................................
. LaTeX info: "xparse/define-command"
. 
. Defining command \addfontfeatures with sig. 'm' on line 210.
.................................................
.................................................
. LaTeX info: "xparse/define-command"
. 
. Defining command \newfontfeature with sig. 'mm' on line 221.
.................................................
.................................................
. LaTeX info: "xparse/define-command"
. 
. Defining command \newAATfeature with sig. 'mmmm' on line 229.
.................................................
.................................................
. LaTeX info: "xparse/define-command"
. 
. Defining command \newopentypefeature with sig. 'mmm' on line 237.
.................................................
.................................................
. LaTeX info: "xparse/define-command"
. 
. Defining command \aliasfontfeature with sig. 'mm' on line 258.
.................................................
.................................................
. LaTeX info: "xparse/define-command"
. 
. Defining command \aliasfontfeatureoption with sig. 'mmm' on line 267.
.................................................
.................................................
. LaTeX info: "xparse/define-command"
. 
. Defining command \newfontscript with sig. 'mm' on line 272.
.................................................
.................................................
. LaTeX info: "xparse/define-command"
. 
. Defining command \newfontlanguage with sig. 'mm' on line 298.
.................................................
.................................................
. LaTeX info: "xparse/define-command"
. 
. Defining command \DeclareFontsExtensions with sig. 'm' on line 318.
.................................................
\l__fontspec_tmp_int=\count122
LaTeX Info: Redefining \itshape on input line 2227.
LaTeX Info: Redefining \slshape on input line 2232.
LaTeX Info: Redefining \scshape on input line 2237.
LaTeX Info: Redefining \upshape on input line 2242.

(/texlive/2015/texmf-dist/tex/latex/fontspec/fontspec.cfg)))
\g__file_internal_ior=\read1
\g__fontspec_family_DroidSerif_int=\count123
.................................................
. fontspec info: "defining-font"
. 
. Font family 'DroidSerif(0)' created for font 'Droid Serif' with options
. [Ligatures=TeX].
. 
. This font family consists of the following shapes:
. 
. * 'normal' with NFSS spec.:
. <->"Droid Serif/OT:script=latn;language=DFLT;mapping=tex-text;"
. 
. * 'small caps' with NFSS spec.:
. 
. and font adjustment code:
. 
. 
. * 'bold' with NFSS spec.:
. <->"Droid Serif/B/OT:script=latn;language=DFLT;mapping=tex-text;"
. 
. * 'bold small caps' with NFSS spec.:
. 
. and font adjustment code:
. 
. 
. * 'italic' with NFSS spec.:
. <->"Droid Serif/I/OT:script=latn;language=DFLT;mapping=tex-text;"
. 
. * 'small caps' with NFSS spec.:
. 
. and font adjustment code:
. 
. 
. * 'bold italic' with NFSS spec.:
. <->"Droid Serif/BI/OT:script=latn;language=DFLT;mapping=tex-text;"
. 
. * 'bold small caps' with NFSS spec.:
. 
. and font adjustment code:
. 
.................................................
.................................................
. fontspec info: "no-scripts"
. 
. Font Alegreya SC does not contain any OpenType `Script' information.
.................................................
\g__fontspec_family_AlegreyaSC_int=\count124
.................................................
. fontspec info: "defining-font"
. 
. Font family 'AlegreyaSC(0)' created for font 'Alegreya SC' with options
. [Ligatures=TeX].
. 
. This font family consists of the following shapes:
. 
. * 'normal' with NFSS spec.:
. <->"Alegreya SC/OT:mapping=tex-text;"
. 
. * 'small caps' with NFSS spec.:
. 
. and font adjustment code:
. 
. 
. * 'bold' with NFSS spec.:
. <->"Alegreya SC/B/OT:mapping=tex-text;"
. 
. * 'bold small caps' with NFSS spec.:
. 
. and font adjustment code:
. 
. 
. * 'italic' with NFSS spec.:
. <->"Alegreya SC/I/OT:mapping=tex-text;"
. 
. * 'small caps' with NFSS spec.:
. 
. and font adjustment code:
. 
. 
. * 'bold italic' with NFSS spec.:
. <->"Alegreya SC/BI/OT:mapping=tex-text;"
. 
. * 'bold small caps' with NFSS spec.:
. 
. and font adjustment code:
. 
.................................................
.................................................
. fontspec info: "no-scripts"
. 
. Font Alegreya SC does not contain any OpenType `Script' information.
.................................................
.................................................
. fontspec info: "defining-font"
. 
. Font family 'AlegreyaSC(1)' created for font 'Alegreya SC' with options
. [WordSpace={1,0,0},PunctuationSpace=WordSpace].
. 
. This font family consists of the following shapes:
. 
. * 'normal' with NFSS spec.:
. <->"Alegreya SC/OT:"
. 
. * 'small caps' with NFSS spec.:
. 
. and font adjustment code:
. \fontdimen 2\font =1\fontdimen 2\font \fontdimen 3\font =0\fontdimen 3\font
. \fontdimen 4\font =0\fontdimen 4\font \fontdimen 7\font =0\fontdimen 2\font 
. 
. * 'bold' with NFSS spec.:
. <->"Alegreya SC/B/OT:"
. 
. * 'bold small caps' with NFSS spec.:
. 
. and font adjustment code:
. \fontdimen 2\font =1\fontdimen 2\font \fontdimen 3\font =0\fontdimen 3\font
. \fontdimen 4\font =0\fontdimen 4\font \fontdimen 7\font =0\fontdimen 2\font 
. 
. * 'italic' with NFSS spec.:
. <->"Alegreya SC/I/OT:"
. 
. * 'small caps' with NFSS spec.:
. 
. and font adjustment code:
. \fontdimen 2\font =1\fontdimen 2\font \fontdimen 3\font =0\fontdimen 3\font
. \fontdimen 4\font =0\fontdimen 4\font \fontdimen 7\font =0\fontdimen 2\font 
. 
. * 'bold italic' with NFSS spec.:
. <->"Alegreya SC/BI/OT:"
. 
. * 'bold small caps' with NFSS spec.:
. 
. and font adjustment code:
. \fontdimen 2\font =1\fontdimen 2\font \fontdimen 3\font =0\fontdimen 3\font
. \fontdimen 4\font =0\fontdimen 4\font \fontdimen 7\font =0\fontdimen 2\font 
.................................................

(/texlive/2015/texmf-dist/tex/latex/hyperref/hyperref.sty
Package: hyperref 2012/11/06 v6.83m Hypertext links for LaTeX

(/texlive/2015/texmf-dist/tex/generic/oberdiek/hobsub-hyperref.sty
Package: hobsub-hyperref 2012/05/28 v1.13 Bundle oberdiek, subset hyperref (HO)


(/texlive/2015/texmf-dist/tex/generic/oberdiek/hobsub-generic.sty
Package: hobsub-generic 2012/05/28 v1.13 Bundle oberdiek, subset generic (HO)
Package: hobsub 2012/05/28 v1.13 Construct package bundles (HO)
Package hobsub Info: Skipping package `infwarerr' (already loaded).
Package hobsub Info: Skipping package `ltxcmds' (already loaded).
Package: ifluatex 2010/03/01 v1.3 Provides the ifluatex switch (HO)
Package ifluatex Info: LuaTeX not detected.
Package hobsub Info: Skipping package `ifvtex' (already loaded).
Package: intcalc 2007/09/27 v1.1 Expandable calculations with integers (HO)
Package hobsub Info: Skipping package `ifpdf' (already loaded).
Package: etexcmds 2011/02/16 v1.5 Avoid name clashes with e-TeX commands (HO)
Package etexcmds Info: Could not find \expanded.
(etexcmds)             That can mean that you are not using pdfTeX 1.50 or
(etexcmds)             that some package has redefined \expanded.
(etexcmds)             In the latter case, load this package earlier.
Package: kvsetkeys 2012/04/25 v1.16 Key value parser (HO)
Package: kvdefinekeys 2011/04/07 v1.3 Define keys (HO)
Package: pdftexcmds 2011/11/29 v0.20 Utility functions of pdfTeX for LuaTeX (HO
)
Package pdftexcmds Info: LuaTeX not detected.
Package pdftexcmds Info: pdfTeX >= 1.30 not detected.
Package pdftexcmds Info: \pdf@primitive is available.
Package pdftexcmds Info: \pdf@ifprimitive is available.
Package pdftexcmds Info: \pdfdraftmode not found.
Package: pdfescape 2011/11/25 v1.13 Implements pdfTeX's escape features (HO)
Package: bigintcalc 2012/04/08 v1.3 Expandable calculations on big integers (HO
)
Package: bitset 2011/01/30 v1.1 Handle bit-vector datatype (HO)
Package: uniquecounter 2011/01/30 v1.2 Provide unlimited unique counter (HO)
)
Package hobsub Info: Skipping package `hobsub' (already loaded).
Package: letltxmacro 2010/09/02 v1.4 Let assignment for LaTeX macros (HO)
Package: hopatch 2012/05/28 v1.2 Wrapper for package hooks (HO)
Package: xcolor-patch 2011/01/30 xcolor patch
Package: atveryend 2011/06/30 v1.8 Hooks at the very end of document (HO)
Package atveryend Info: \enddocument detected (standard20110627).
Package: atbegshi 2011/10/05 v1.16 At begin shipout hook (HO)
Package: refcount 2011/10/16 v3.4 Data extraction from label references (HO)
Package: hycolor 2011/01/30 v1.7 Color options for hyperref/bookmark (HO)
)
(/texlive/2015/texmf-dist/tex/latex/oberdiek/auxhook.sty
Package: auxhook 2011/03/04 v1.3 Hooks for auxiliary files (HO)
)
(/texlive/2015/texmf-dist/tex/latex/oberdiek/kvoptions.sty
Package: kvoptions 2011/06/30 v3.11 Key value format for package options (HO)
)
\@linkdim=\dimen147
\Hy@linkcounter=\count125
\Hy@pagecounter=\count126

(/texlive/2015/texmf-dist/tex/latex/hyperref/pd1enc.def
File: pd1enc.def 2012/11/06 v6.83m Hyperref: PDFDocEncoding definition (HO)
)
\Hy@SavedSpaceFactor=\count127

(/texlive/2015/texmf-dist/tex/latex/latexconfig/hyperref.cfg
File: hyperref.cfg 2002/06/06 v1.2 hyperref configuration of TeXLive
)
Package hyperref Info: Option `unicode' set `true' on input line 4319.

(/texlive/2015/texmf-dist/tex/latex/hyperref/puenc.def
File: puenc.def 2012/11/06 v6.83m Hyperref: PDF Unicode definition (HO)
)
Package hyperref Info: Hyper figures OFF on input line 4443.
Package hyperref Info: Link nesting OFF on input line 4448.
Package hyperref Info: Hyper index ON on input line 4451.
Package hyperref Info: Plain pages OFF on input line 4458.
Package hyperref Info: Backreferencing OFF on input line 4463.
Package hyperref Info: Implicit mode ON; LaTeX internals redefined.
Package hyperref Info: Bookmarks ON on input line 4688.
\c@Hy@tempcnt=\count128

(/texlive/2015/texmf-dist/tex/latex/url/url.sty
\Urlmuskip=\muskip16
Package: url 2013/09/16  ver 3.4  Verb mode for urls, etc.
)
LaTeX Info: Redefining \url on input line 5041.
\XeTeXLinkMargin=\dimen148
\Fld@menulength=\count129
\Field@Width=\dimen149
\Fld@charsize=\dimen150
Package hyperref Info: Hyper figures OFF on input line 6295.
Package hyperref Info: Link nesting OFF on input line 6300.
Package hyperref Info: Hyper index ON on input line 6303.
Package hyperref Info: backreferencing OFF on input line 6310.
Package hyperref Info: Link coloring OFF on input line 6315.
Package hyperref Info: Link coloring with OCG OFF on input line 6320.
Package hyperref Info: PDF/A mode OFF on input line 6325.
LaTeX Info: Redefining \ref on input line 6365.
LaTeX Info: Redefining \pageref on input line 6369.
\Hy@abspage=\count130
\c@Item=\count131
\c@Hfootnote=\count132
)

Package hyperref Message: Driver (autodetected): hxetex.

(/texlive/2015/texmf-dist/tex/latex/hyperref/hxetex.def
File: hxetex.def 2012/11/06 v6.83m Hyperref driver for XeTeX

(/texlive/2015/texmf-dist/tex/generic/oberdiek/stringenc.sty
Package: stringenc 2011/12/02 v1.10 Convert strings between diff. encodings (HO
)
)
\pdfm@box=\box41
\c@Hy@AnnotLevel=\count133
\HyField@AnnotCount=\count134
\Fld@listcount=\count135
\c@bookmark@seq@number=\count136

(/texlive/2015/texmf-dist/tex/latex/oberdiek/rerunfilecheck.sty
Package: rerunfilecheck 2011/04/15 v1.7 Rerun checks for auxiliary files (HO)
Package rerunfilecheck Info: Feature \pdfmdfivesum is not available
(rerunfilecheck)             (e.g. pdfTeX or LuaTeX with package `pdftexcmds').

(rerunfilecheck)             Therefore file contents cannot be checked efficien
tly
(rerunfilecheck)             and the loading of the package is aborted.
)
\Hy@SectionHShift=\skip49
)
Package hyperref Info: Option `breaklinks' set `true' on input line 47.


Package hyperref Warning: Option `bookmarks' has already been used,
(hyperref)                setting the option has no effect on input line 47.

Package hyperref Info: Option `colorlinks' set `true' on input line 47.
(/texlive/2015/texmf-dist/tex/latex/fancyhdr/fancyhdr.sty
\fancy@headwidth=\skip50
\f@ncyO@elh=\skip51
\f@ncyO@erh=\skip52
\f@ncyO@olh=\skip53
\f@ncyO@orh=\skip54
\f@ncyO@elf=\skip55
\f@ncyO@erf=\skip56
\f@ncyO@olf=\skip57
\f@ncyO@orf=\skip58
)
(/texlive/2015/texmf-dist/tex/latex/polyglossia/polyglossia.sty
Package: polyglossia 2015/08/06 v1.42.0 Alternative to Babel for XeLaTeX and Lu
aLaTeX

(/texlive/2015/texmf-dist/tex/latex/etoolbox/etoolbox.sty
Package: etoolbox 2015/08/02 v2.2a e-TeX tools for LaTeX (JAW)
\etb@tempcnta=\count137
)
(/texlive/2015/texmf-dist/tex/latex/makecmds/makecmds.sty
Package: makecmds 2009/09/03 v1.0a extra command making commands
)
(/texlive/2015/texmf-dist/tex/latex/xkeyval/xkeyval.sty
Package: xkeyval 2014/12/03 v2.7a package option processing (HA)

(/texlive/2015/texmf-dist/tex/generic/xkeyval/xkeyval.tex
(/texlive/2015/texmf-dist/tex/generic/xkeyval/xkvutils.tex
\XKV@toks=\toks18
\XKV@tempa@toks=\toks19
)
\XKV@depth=\count138
File: xkeyval.tex 2014/12/03 v2.7a key=value parser (HA)
))
\xpg@normalclass=\XeTeXcharclass4
)
(/texlive/2015/texmf-dist/tex/latex/polyglossia/gloss-english.ldf
File: gloss-english.ldf polyglossia: module for english
)
Package polyglossia Info: Default language is english.

(/texlive/2015/texmf-dist/tex/latex/tools/longtable.sty
Package: longtable 2014/10/28 v4.11 Multi-page Table package (DPC)
\LTleft=\skip59
\LTright=\skip60
\LTpre=\skip61
\LTpost=\skip62
\LTchunksize=\count139
\LTcapwidth=\dimen151
\LT@head=\box42
\LT@firsthead=\box43
\LT@foot=\box44
\LT@lastfoot=\box45
\LT@cols=\count140
\LT@rows=\count141
\c@LT@tables=\count142
\c@LT@chunks=\count143
\LT@p@ftn=\toks20
)
(/texlive/2015/texmf-dist/tex/latex/tools/multicol.sty
Package: multicol 2015/08/19 v1.8n multicolumn formatting (FMi)
\c@tracingmulticols=\count144
\mult@box=\box46
\multicol@leftmargin=\dimen152
\c@unbalance=\count145
\c@collectmore=\count146
\doublecol@number=\count147
\multicoltolerance=\count148
\multicolpretolerance=\count149
\full@width=\dimen153
\page@free=\dimen154
\premulticols=\dimen155
\postmulticols=\dimen156
\multicolsep=\skip63
\multicolbaselineskip=\skip64
\partial@page=\box47
\last@line=\box48
\maxbalancingoverflow=\dimen157
\mult@rightbox=\box49
\mult@grightbox=\box50
\mult@gfirstbox=\box51
\mult@firstbox=\box52
\@tempa=\box53
\@tempa=\box54
\@tempa=\box55
\@tempa=\box56
\@tempa=\box57
\@tempa=\box58
\@tempa=\box59
\@tempa=\box60
\@tempa=\box61
\@tempa=\box62
\@tempa=\box63
\@tempa=\box64
\@tempa=\box65
\@tempa=\box66
\@tempa=\box67
\@tempa=\box68
\@tempa=\box69
\c@columnbadness=\count150
\c@finalcolumnbadness=\count151
\last@try=\dimen158
\multicolovershoot=\dimen159
\multicolundershoot=\dimen160
\mult@nat@firstbox=\box70
\colbreak@box=\box71
\mc@col@check@num=\count152
)
(/texlive/2015/texmf-dist/tex/latex/booktabs/booktabs.sty
Package: booktabs 2005/04/14 v1.61803 publication quality tables
\heavyrulewidth=\dimen161
\lightrulewidth=\dimen162
\cmidrulewidth=\dimen163
\belowrulesep=\dimen164
\belowbottomsep=\dimen165
\aboverulesep=\dimen166
\abovetopsep=\dimen167
\cmidrulesep=\dimen168
\cmidrulekern=\dimen169
\defaultaddspace=\dimen170
\@cmidla=\count153
\@cmidlb=\count154
\@aboverulesep=\dimen171
\@belowrulesep=\dimen172
\@thisruleclass=\count155
\@lastruleclass=\count156
\@thisrulewidth=\dimen173
)
(/texlive/2015/texmf-dist/tex/latex/eso-pic/eso-pic.sty
Package: eso-pic 2015/07/21 v2.0g eso-pic (RN)

(/texlive/2015/texmf-dist/tex/latex/xcolor/xcolor.sty
Package: xcolor 2007/01/21 v2.11 LaTeX color extensions (UK)

(/texlive/2015/texmf-dist/tex/latex/latexconfig/color.cfg
File: color.cfg 2007/01/18 v1.5 color configuration of teTeX/TeXLive
)
Package xcolor Info: Driver file: xetex.def on input line 225.
Package xcolor Info: Model `cmy' substituted by `cmy0' on input line 1337.
Package xcolor Info: Model `RGB' extended on input line 1353.
Package xcolor Info: Model `HTML' substituted by `rgb' on input line 1355.
Package xcolor Info: Model `Hsb' substituted by `hsb' on input line 1356.
Package xcolor Info: Model `tHsb' substituted by `hsb' on input line 1357.
Package xcolor Info: Model `HSB' substituted by `hsb' on input line 1358.
Package xcolor Info: Model `Gray' substituted by `gray' on input line 1359.
Package xcolor Info: Model `wave' substituted by `hsb' on input line 1360.
))
(/texlive/2015/texmf-dist/tex/latex/pgf/frontendlayer/tikz.sty
(/texlive/2015/texmf-dist/tex/latex/pgf/basiclayer/pgf.sty
(/texlive/2015/texmf-dist/tex/latex/pgf/utilities/pgfrcs.sty
(/texlive/2015/texmf-dist/tex/generic/pgf/utilities/pgfutil-common.tex
\pgfutil@everybye=\toks21
\pgfutil@tempdima=\dimen174
\pgfutil@tempdimb=\dimen175

(/texlive/2015/texmf-dist/tex/generic/pgf/utilities/pgfutil-common-lists.tex))
(/texlive/2015/texmf-dist/tex/generic/pgf/utilities/pgfutil-latex.def
\pgfutil@abb=\box72

(/texlive/2015/texmf-dist/tex/latex/ms/everyshi.sty
Package: everyshi 2001/05/15 v3.00 EveryShipout Package (MS)
))
(/texlive/2015/texmf-dist/tex/generic/pgf/utilities/pgfrcs.code.tex
Package: pgfrcs 2015/08/07 v3.0.1a (rcs-revision 1.31)
))
Package: pgf 2015/08/07 v3.0.1a (rcs-revision 1.15)

(/texlive/2015/texmf-dist/tex/latex/pgf/basiclayer/pgfcore.sty
(/texlive/2015/texmf-dist/tex/latex/pgf/systemlayer/pgfsys.sty
(/texlive/2015/texmf-dist/tex/generic/pgf/systemlayer/pgfsys.code.tex
Package: pgfsys 2014/07/09 v3.0.1a (rcs-revision 1.48)

(/texlive/2015/texmf-dist/tex/generic/pgf/utilities/pgfkeys.code.tex
\pgfkeys@pathtoks=\toks22
\pgfkeys@temptoks=\toks23

(/texlive/2015/texmf-dist/tex/generic/pgf/utilities/pgfkeysfiltered.code.tex
\pgfkeys@tmptoks=\toks24
))
\pgf@x=\dimen176
\pgf@y=\dimen177
\pgf@xa=\dimen178
\pgf@ya=\dimen179
\pgf@xb=\dimen180
\pgf@yb=\dimen181
\pgf@xc=\dimen182
\pgf@yc=\dimen183
\w@pgf@writea=\write3
\r@pgf@reada=\read2
\c@pgf@counta=\count157
\c@pgf@countb=\count158
\c@pgf@countc=\count159
\c@pgf@countd=\count160
\t@pgf@toka=\toks25
\t@pgf@tokb=\toks26
\t@pgf@tokc=\toks27

(/texlive/2015/texmf-dist/tex/generic/pgf/systemlayer/pgf.cfg
File: pgf.cfg 2008/05/14  (rcs-revision 1.7)
)
Driver file for pgf: pgfsys-xetex.def

(/texlive/2015/texmf-dist/tex/generic/pgf/systemlayer/pgfsys-xetex.def
File: pgfsys-xetex.def 2014/07/09  (rcs-revision 1.11)

(/texlive/2015/texmf-dist/tex/generic/pgf/systemlayer/pgfsys-dvipdfmx.def
File: pgfsys-dvipdfmx.def 2014/07/09  (rcs-revision 1.14)

(/texlive/2015/texmf-dist/tex/generic/pgf/systemlayer/pgfsys-common-pdf.def
File: pgfsys-common-pdf.def 2013/10/10  (rcs-revision 1.13)
)
\pgfsys@objnum=\count161
))) (/texlive/2015/texmf-dist/tex/generic/pgf/systemlayer/pgfsyssoftpath.code.t
ex
File: pgfsyssoftpath.code.tex 2013/09/09  (rcs-revision 1.9)
\pgfsyssoftpath@smallbuffer@items=\count162
\pgfsyssoftpath@bigbuffer@items=\count163
) (/texlive/2015/texmf-dist/tex/generic/pgf/systemlayer/pgfsysprotocol.code.tex
File: pgfsysprotocol.code.tex 2006/10/16  (rcs-revision 1.4)
)) (/texlive/2015/texmf-dist/tex/generic/pgf/basiclayer/pgfcore.code.tex
Package: pgfcore 2010/04/11 v3.0.1a (rcs-revision 1.7)

(/texlive/2015/texmf-dist/tex/generic/pgf/math/pgfmath.code.tex
(/texlive/2015/texmf-dist/tex/generic/pgf/math/pgfmathcalc.code.tex
(/texlive/2015/texmf-dist/tex/generic/pgf/math/pgfmathutil.code.tex)
(/texlive/2015/texmf-dist/tex/generic/pgf/math/pgfmathparser.code.tex
\pgfmath@dimen=\dimen184
\pgfmath@count=\count164
\pgfmath@box=\box73
\pgfmath@toks=\toks28
\pgfmath@stack@operand=\toks29
\pgfmath@stack@operation=\toks30
)
(/texlive/2015/texmf-dist/tex/generic/pgf/math/pgfmathfunctions.code.tex
(/texlive/2015/texmf-dist/tex/generic/pgf/math/pgfmathfunctions.basic.code.tex)

(/texlive/2015/texmf-dist/tex/generic/pgf/math/pgfmathfunctions.trigonometric.c
ode.tex)
(/texlive/2015/texmf-dist/tex/generic/pgf/math/pgfmathfunctions.random.code.tex
)
(/texlive/2015/texmf-dist/tex/generic/pgf/math/pgfmathfunctions.comparison.code
.tex)
(/texlive/2015/texmf-dist/tex/generic/pgf/math/pgfmathfunctions.base.code.tex)
(/texlive/2015/texmf-dist/tex/generic/pgf/math/pgfmathfunctions.round.code.tex)
(/texlive/2015/texmf-dist/tex/generic/pgf/math/pgfmathfunctions.misc.code.tex)
(/texlive/2015/texmf-dist/tex/generic/pgf/math/pgfmathfunctions.integerarithmet
ics.code.tex)))
(/texlive/2015/texmf-dist/tex/generic/pgf/math/pgfmathfloat.code.tex
\c@pgfmathroundto@lastzeros=\count165
))
(/texlive/2015/texmf-dist/tex/generic/pgf/basiclayer/pgfcorepoints.code.tex
File: pgfcorepoints.code.tex 2013/10/07  (rcs-revision 1.27)
\pgf@picminx=\dimen185
\pgf@picmaxx=\dimen186
\pgf@picminy=\dimen187
\pgf@picmaxy=\dimen188
\pgf@pathminx=\dimen189
\pgf@pathmaxx=\dimen190
\pgf@pathminy=\dimen191
\pgf@pathmaxy=\dimen192
\pgf@xx=\dimen193
\pgf@xy=\dimen194
\pgf@yx=\dimen195
\pgf@yy=\dimen196
\pgf@zx=\dimen197
\pgf@zy=\dimen198
)
(/texlive/2015/texmf-dist/tex/generic/pgf/basiclayer/pgfcorepathconstruct.code.
tex
File: pgfcorepathconstruct.code.tex 2013/10/07  (rcs-revision 1.29)
\pgf@path@lastx=\dimen199
\pgf@path@lasty=\dimen256
)
(/texlive/2015/texmf-dist/tex/generic/pgf/basiclayer/pgfcorepathusage.code.tex
File: pgfcorepathusage.code.tex 2014/11/02  (rcs-revision 1.24)
\pgf@shorten@end@additional=\dimen257
\pgf@shorten@start@additional=\dimen258
) (/texlive/2015/texmf-dist/tex/generic/pgf/basiclayer/pgfcorescopes.code.tex
File: pgfcorescopes.code.tex 2015/05/08  (rcs-revision 1.46)
\pgfpic=\box74
\pgf@hbox=\box75
\pgf@layerbox@main=\box76
\pgf@picture@serial@count=\count166
)
(/texlive/2015/texmf-dist/tex/generic/pgf/basiclayer/pgfcoregraphicstate.code.t
ex
File: pgfcoregraphicstate.code.tex 2014/11/02  (rcs-revision 1.12)
\pgflinewidth=\dimen259
)
(/texlive/2015/texmf-dist/tex/generic/pgf/basiclayer/pgfcoretransformations.cod
e.tex
File: pgfcoretransformations.code.tex 2015/08/07  (rcs-revision 1.20)
\pgf@pt@x=\dimen260
\pgf@pt@y=\dimen261
\pgf@pt@temp=\dimen262
)
(/texlive/2015/texmf-dist/tex/generic/pgf/basiclayer/pgfcorequick.code.tex
File: pgfcorequick.code.tex 2008/10/09  (rcs-revision 1.3)
)
(/texlive/2015/texmf-dist/tex/generic/pgf/basiclayer/pgfcoreobjects.code.tex
File: pgfcoreobjects.code.tex 2006/10/11  (rcs-revision 1.2)
)
(/texlive/2015/texmf-dist/tex/generic/pgf/basiclayer/pgfcorepathprocessing.code
.tex
File: pgfcorepathprocessing.code.tex 2013/09/09  (rcs-revision 1.9)
)
(/texlive/2015/texmf-dist/tex/generic/pgf/basiclayer/pgfcorearrows.code.tex
File: pgfcorearrows.code.tex 2015/05/14  (rcs-revision 1.43)
\pgfarrowsep=\dimen263
)
(/texlive/2015/texmf-dist/tex/generic/pgf/basiclayer/pgfcoreshade.code.tex
File: pgfcoreshade.code.tex 2013/07/15  (rcs-revision 1.15)
\pgf@max=\dimen264
\pgf@sys@shading@range@num=\count167
)
(/texlive/2015/texmf-dist/tex/generic/pgf/basiclayer/pgfcoreimage.code.tex
File: pgfcoreimage.code.tex 2013/07/15  (rcs-revision 1.18)

(/texlive/2015/texmf-dist/tex/generic/pgf/basiclayer/pgfcoreexternal.code.tex
File: pgfcoreexternal.code.tex 2014/07/09  (rcs-revision 1.21)
\pgfexternal@startupbox=\box77
)) (/texlive/2015/texmf-dist/tex/generic/pgf/basiclayer/pgfcorelayers.code.tex
File: pgfcorelayers.code.tex 2013/07/18  (rcs-revision 1.7)
)
(/texlive/2015/texmf-dist/tex/generic/pgf/basiclayer/pgfcoretransparency.code.t
ex
File: pgfcoretransparency.code.tex 2013/09/30  (rcs-revision 1.5)
)
(/texlive/2015/texmf-dist/tex/generic/pgf/basiclayer/pgfcorepatterns.code.tex
File: pgfcorepatterns.code.tex 2013/11/07  (rcs-revision 1.5)
))) (/texlive/2015/texmf-dist/tex/generic/pgf/modules/pgfmoduleshapes.code.tex
File: pgfmoduleshapes.code.tex 2014/03/21  (rcs-revision 1.35)
\pgfnodeparttextbox=\box78
)
(/texlive/2015/texmf-dist/tex/generic/pgf/modules/pgfmoduleplot.code.tex
File: pgfmoduleplot.code.tex 2015/08/03  (rcs-revision 1.13)
)
(/texlive/2015/texmf-dist/tex/latex/pgf/compatibility/pgfcomp-version-0-65.sty
Package: pgfcomp-version-0-65 2007/07/03 v3.0.1a (rcs-revision 1.7)
\pgf@nodesepstart=\dimen265
\pgf@nodesepend=\dimen266
) (/texlive/2015/texmf-dist/tex/latex/pgf/compatibility/pgfcomp-version-1-18.st
y
Package: pgfcomp-version-1-18 2007/07/23 v3.0.1a (rcs-revision 1.1)
)) (/texlive/2015/texmf-dist/tex/latex/pgf/utilities/pgffor.sty
(/texlive/2015/texmf-dist/tex/latex/pgf/utilities/pgfkeys.sty
(/texlive/2015/texmf-dist/tex/generic/pgf/utilities/pgfkeys.code.tex))
(/texlive/2015/texmf-dist/tex/latex/pgf/math/pgfmath.sty
(/texlive/2015/texmf-dist/tex/generic/pgf/math/pgfmath.code.tex))
(/texlive/2015/texmf-dist/tex/generic/pgf/utilities/pgffor.code.tex
Package: pgffor 2013/12/13 v3.0.1a (rcs-revision 1.25)

(/texlive/2015/texmf-dist/tex/generic/pgf/math/pgfmath.code.tex)
\pgffor@iter=\dimen267
\pgffor@skip=\dimen268
\pgffor@stack=\toks31
\pgffor@toks=\toks32
))
(/texlive/2015/texmf-dist/tex/generic/pgf/frontendlayer/tikz/tikz.code.tex
Package: tikz 2015/08/07 v3.0.1a (rcs-revision 1.151)

(/texlive/2015/texmf-dist/tex/generic/pgf/libraries/pgflibraryplothandlers.code
.tex
File: pgflibraryplothandlers.code.tex 2013/08/31 v3.0.1a (rcs-revision 1.20)
\pgf@plot@mark@count=\count168
\pgfplotmarksize=\dimen269
)
\tikz@lastx=\dimen270
\tikz@lasty=\dimen271
\tikz@lastxsaved=\dimen272
\tikz@lastysaved=\dimen273
\tikzleveldistance=\dimen274
\tikzsiblingdistance=\dimen275
\tikz@figbox=\box79
\tikz@figbox@bg=\box80
\tikz@tempbox=\box81
\tikz@tempbox@bg=\box82
\tikztreelevel=\count169
\tikznumberofchildren=\count170
\tikznumberofcurrentchild=\count171
\tikz@fig@count=\count172

(/texlive/2015/texmf-dist/tex/generic/pgf/modules/pgfmodulematrix.code.tex
File: pgfmodulematrix.code.tex 2013/09/17  (rcs-revision 1.8)
\pgfmatrixcurrentrow=\count173
\pgfmatrixcurrentcolumn=\count174
\pgf@matrix@numberofcolumns=\count175
)
\tikz@expandcount=\count176

(/texlive/2015/texmf-dist/tex/generic/pgf/frontendlayer/tikz/libraries/tikzlibr
arytopaths.code.tex
File: tikzlibrarytopaths.code.tex 2008/06/17 v3.0.1a (rcs-revision 1.2)
)))
(/texlive/2015/texmf-dist/tex/generic/pgf/frontendlayer/tikz/libraries/tikzlibr
arypositioning.code.tex
File: tikzlibrarypositioning.code.tex 2008/10/06 v3.0.1a (rcs-revision 1.7)
)
(/texlive/2015/texmf-dist/tex/latex/microtype/microtype.sty
Package: microtype 2013/05/23 v2.5a Micro-typographical refinements (RS)
\MT@toks=\toks33
\MT@count=\count177
LaTeX Info: Redefining \textls on input line 766.
\MT@outer@kern=\dimen276
LaTeX Info: Redefining \textmicrotypecontext on input line 1285.
\MT@listname@count=\count178

(/texlive/2015/texmf-dist/tex/latex/microtype/microtype-xetex.def
File: microtype-xetex.def 2013/05/23 v2.5a Definitions specific to xetex (RS)
LaTeX Info: Redefining \lsstyle on input line 254.
)
Package microtype Info: Loading configuration file microtype.cfg.

(/texlive/2015/texmf-dist/tex/latex/microtype/microtype.cfg
File: microtype.cfg 2013/05/23 v2.5a microtype main configuration file (RS)
))
(./tex/my-book.aux)
\openout1 = `my-book.aux'.

LaTeX Font Info:    Checking defaults for OML/cmm/m/it on input line 109.
LaTeX Font Info:    ... okay on input line 109.
LaTeX Font Info:    Checking defaults for T1/cmr/m/n on input line 109.
LaTeX Font Info:    ... okay on input line 109.
LaTeX Font Info:    Checking defaults for OT1/cmr/m/n on input line 109.
LaTeX Font Info:    ... okay on input line 109.
LaTeX Font Info:    Checking defaults for OMS/cmsy/m/n on input line 109.
LaTeX Font Info:    ... okay on input line 109.
LaTeX Font Info:    Checking defaults for OMX/cmex/m/n on input line 109.
LaTeX Font Info:    ... okay on input line 109.
LaTeX Font Info:    Checking defaults for U/cmr/m/n on input line 109.
LaTeX Font Info:    ... okay on input line 109.
LaTeX Font Info:    Checking defaults for EU1/lmr/m/n on input line 109.
LaTeX Font Info:    ... okay on input line 109.
LaTeX Font Info:    Checking defaults for T3/cmr/m/n on input line 109.
LaTeX Font Info:    Try loading font information for T3+cmr on input line 109.
 (/texlive/2015/texmf-dist/tex/latex/tipa/t3cmr.fd
File: t3cmr.fd 2001/12/31 TIPA font definitions
)
LaTeX Font Info:    ... okay on input line 109.
LaTeX Font Info:    Checking defaults for PD1/pdf/m/n on input line 109.
LaTeX Font Info:    ... okay on input line 109.
LaTeX Font Info:    Checking defaults for PU/pdf/m/n on input line 109.
LaTeX Font Info:    ... okay on input line 109.

*geometry* driver: auto-detecting
*geometry* detected driver: xetex
*geometry* verbose mode - [ preamble ] result:
* driver: xetex
* paper: letterpaper
* layout: <same size as paper>
* layoutoffset:(h,v)=(0.0pt,0.0pt)
* modes: 
* h-part:(L,W,R)=(36.135pt, 542.02501pt, 36.135pt)
* v-part:(T,H,B)=(36.135pt, 722.7pt, 36.135pt)
* \paperwidth=614.295pt
* \paperheight=794.96999pt
* \textwidth=542.02501pt
* \textheight=722.7pt
* \oddsidemargin=-36.135pt
* \evensidemargin=-36.135pt
* \topmargin=-73.135pt
* \headheight=12.0pt
* \headsep=25.0pt
* \topskip=12.0pt
* \footskip=30.0pt
* \marginparwidth=44.0pt
* \marginparsep=10.0pt
* \columnsep=10.0pt
* \skip\footins=10.8pt plus 4.0pt minus 2.0pt
* \hoffset=0.0pt
* \voffset=0.0pt
* \mag=1000
* \@twocolumnfalse
* \@twosidefalse
* \@mparswitchfalse
* \@reversemarginfalse
* (1in=72.27pt=25.4mm, 1cm=28.453pt)

.................................................
. fontspec info: "setup-math"
. 
. Adjusting the maths setup (use [no-math] to avoid this).
.................................................
\symlegacymaths=\mathgroup4
LaTeX Font Info:    Overwriting symbol font `legacymaths' in version `bold'
(Font)                  OT1/cmr/m/n --> OT1/cmr/bx/n on input line 109.
LaTeX Font Info:    Redeclaring math accent \acute on input line 109.
LaTeX Font Info:    Redeclaring math accent \grave on input line 109.
LaTeX Font Info:    Redeclaring math accent \ddot on input line 109.
LaTeX Font Info:    Redeclaring math accent \tilde on input line 109.
LaTeX Font Info:    Redeclaring math accent \bar on input line 109.
LaTeX Font Info:    Redeclaring math accent \breve on input line 109.
LaTeX Font Info:    Redeclaring math accent \check on input line 109.
LaTeX Font Info:    Redeclaring math accent \hat on input line 109.
LaTeX Font Info:    Redeclaring math accent \dot on input line 109.
LaTeX Font Info:    Redeclaring math accent \mathring on input line 109.
LaTeX Font Info:    Redeclaring math symbol \colon on input line 109.
LaTeX Font Info:    Redeclaring math symbol \Gamma on input line 109.
LaTeX Font Info:    Redeclaring math symbol \Delta on input line 109.
LaTeX Font Info:    Redeclaring math symbol \Theta on input line 109.
LaTeX Font Info:    Redeclaring math symbol \Lambda on input line 109.
LaTeX Font Info:    Redeclaring math symbol \Xi on input line 109.
LaTeX Font Info:    Redeclaring math symbol \Pi on input line 109.
LaTeX Font Info:    Redeclaring math symbol \Sigma on input line 109.
LaTeX Font Info:    Redeclaring math symbol \Upsilon on input line 109.
LaTeX Font Info:    Redeclaring math symbol \Phi on input line 109.
LaTeX Font Info:    Redeclaring math symbol \Psi on input line 109.
LaTeX Font Info:    Redeclaring math symbol \Omega on input line 109.
LaTeX Font Info:    Redeclaring math symbol \mathdollar on input line 109.
LaTeX Font Info:    Redeclaring symbol font `operators' on input line 109.
LaTeX Font Info:    Encoding `OT1' has changed to `EU1' for symbol font
(Font)              `operators' in the math version `normal' on input line 109.

LaTeX Font Info:    Overwriting symbol font `operators' in version `normal'
(Font)                  OT1/cmr/m/n --> EU1/DroidSerif(0)/m/n on input line 109
.
LaTeX Font Info:    Encoding `OT1' has changed to `EU1' for symbol font
(Font)              `operators' in the math version `bold' on input line 109.
LaTeX Font Info:    Overwriting symbol font `operators' in version `bold'
(Font)                  OT1/cmr/bx/n --> EU1/DroidSerif(0)/m/n on input line 10
9.
LaTeX Font Info:    Overwriting symbol font `operators' in version `normal'
(Font)                  EU1/DroidSerif(0)/m/n --> EU1/DroidSerif(0)/m/n on inpu
t line 109.
LaTeX Font Info:    Overwriting math alphabet `\mathit' in version `normal'
(Font)                  OT1/cmr/m/it --> EU1/DroidSerif(0)/m/it on input line 1
09.
LaTeX Font Info:    Overwriting math alphabet `\mathbf' in version `normal'
(Font)                  OT1/cmr/bx/n --> EU1/DroidSerif(0)/bx/n on input line 1
09.
LaTeX Font Info:    Overwriting math alphabet `\mathsf' in version `normal'
(Font)                  OT1/cmss/m/n --> EU1/AlegreyaSC(0)/m/n on input line 10
9.
LaTeX Font Info:    Overwriting math alphabet `\mathtt' in version `normal'
(Font)                  OT1/cmtt/m/n --> EU1/AlegreyaSC(1)/m/n on input line 10
9.
LaTeX Font Info:    Overwriting symbol font `operators' in version `bold'
(Font)                  EU1/DroidSerif(0)/m/n --> EU1/DroidSerif(0)/bx/n on inp
ut line 109.
LaTeX Font Info:    Overwriting math alphabet `\mathit' in version `bold'
(Font)                  OT1/cmr/bx/it --> EU1/DroidSerif(0)/bx/it on input line
 109.
LaTeX Font Info:    Overwriting math alphabet `\mathsf' in version `bold'
(Font)                  OT1/cmss/bx/n --> EU1/AlegreyaSC(0)/bx/n on input line 
109.
LaTeX Font Info:    Overwriting math alphabet `\mathtt' in version `bold'
(Font)                  OT1/cmtt/m/n --> EU1/AlegreyaSC(1)/bx/n on input line 1
09.
\AtBeginShipoutBox=\box83
Package hyperref Info: Link coloring ON on input line 109.
(/texlive/2015/texmf-dist/tex/latex/hyperref/nameref.sty
Package: nameref 2012/10/27 v2.43 Cross-referencing by name of section

(/texlive/2015/texmf-dist/tex/generic/oberdiek/gettitlestring.sty
Package: gettitlestring 2010/12/03 v1.4 Cleanup title references (HO)
)
\c@section@level=\count179
)
LaTeX Info: Redefining \ref on input line 109.
LaTeX Info: Redefining \pageref on input line 109.
LaTeX Info: Redefining \nameref on input line 109.

(./tex/my-book.out) (./tex/my-book.out)
\@outlinefile=\write4
\openout4 = `my-book.out'.

 ABD: EveryShipout initializing macros
LaTeX Info: Redefining \microtypecontext on input line 109.
Package microtype Info: Character protrusion enabled (level 2).
Package microtype Info: Using default protrusion set `alltext'.
Package microtype Info: No adjustment of tracking.
Package microtype Info: No adjustment of spacing.
Package microtype Info: No adjustment of kerning.
Package microtype Info: Loading generic settings for font family
(microtype)             `DroidSerif' (encoding: EU1).
(microtype)             For optimal results, create family-specific settings.
(microtype)             See the microtype manual for details.
LaTeX Font Info:    External font `cmex10' loaded for size
(Font)              <14.4> on input line 111.
LaTeX Font Info:    External font `cmex10' loaded for size
(Font)              <7> on input line 111.

(/texlive/2015/texmf-dist/tex/latex/microtype/mt-cmr.cfg
File: mt-cmr.cfg 2013/05/19 v2.2 microtype config. file: Computer Modern Roman 
(RS)
)
File: assets/paper-bg.jpg Graphic file (type QTm)

<use  "assets/paper-bg.jpg" > [1

] (./tex/my-book.toc
LaTeX Font Info:    External font `cmex10' loaded for size
(Font)              <12> on input line 3.
LaTeX Font Info:    External font `cmex10' loaded for size
(Font)              <8> on input line 3.
LaTeX Font Info:    External font `cmex10' loaded for size
(Font)              <6> on input line 3.
)
\tf@toc=\write5
\openout5 = `my-book.toc'.

File: assets/paper-bg.jpg Graphic file (type QTm)

<use  "assets/paper-bg.jpg" > [1

]
Chapter 1.

Package hyperref Warning: Difference (2) between bookmark levels is greater 
(hyperref)                than one, level fixed on input line 140.


Overfull \hbox (23.388pt too wide) in paragraph at lines 178--180
[]|\EU1/DroidSerif(0)/bx/n/12 Agility 
 []


Overfull \hbox (1.9332pt too wide) in paragraph at lines 181--184
\EU1/DroidSerif(0)/m/n/12 stealth, 
 []


Overfull \hbox (40.92155pt too wide) in paragraph at lines 185--187
[]|\EU1/DroidSerif(0)/bx/n/12 Fortitude 
 []


Overfull \hbox (18.97234pt too wide) in paragraph at lines 192--194
[]|\EU1/DroidSerif(0)/bx/n/12 Might 
 []


Overfull \hbox (0.58554pt too wide) in paragraph at lines 195--198
\EU1/DroidSerif(0)/m/n/12 chasm, 
 []

File: assets/paper-bg.jpg Graphic file (type QTm)
<use  "assets/paper-bg.jpg" > [2

]
Underfull \vbox (badness 10000) detected at line 200
 []


Package Fancyhdr Warning: \headheight is too small (12.0pt): 
 Make it at least 14.49998pt.
 We now make it that large for the rest of the document.
 This may cause the page layout to be inconsistent, however.

File: assets/paper-bg.jpg Graphic file (type QTm)
<use  "assets/paper-bg.jpg" > [3]
Overfull \hbox (38.8532pt too wide) in paragraph at lines 213--215
[]|\EU1/DroidSerif(0)/bx/n/12 Learning 
 []


Overfull \hbox (18.13445pt too wide) in paragraph at lines 216--218
[]|\EU1/DroidSerif(0)/m/n/12 Recall 
 []


Overfull \hbox (10.47038pt too wide) in paragraph at lines 216--218
\EU1/DroidSerif(0)/m/n/12 facts 
 []


Overfull \hbox (16.62859pt too wide) in paragraph at lines 216--218
\EU1/DroidSerif(0)/m/n/12 about 
 []


Overfull \hbox (2.46976pt too wide) in paragraph at lines 216--218
\EU1/DroidSerif(0)/m/n/12 his- 
 []


Overfull \hbox (7.74577pt too wide) in paragraph at lines 216--218
\EU1/DroidSerif(0)/m/n/12 tory, 
 []


Overfull \hbox (10.56413pt too wide) in paragraph at lines 216--218
\EU1/DroidSerif(0)/m/n/12 cane 
 []


Overfull \hbox (19.53484pt too wide) in paragraph at lines 216--218
\EU1/DroidSerif(0)/m/n/12 magic, 
 []


Overfull \hbox (2.00359pt too wide) in paragraph at lines 216--218
\EU1/DroidSerif(0)/m/n/12 the 
 []


Overfull \hbox (4.32132pt too wide) in paragraph at lines 216--218
\EU1/DroidSerif(0)/m/n/12 nat- 
 []


Overfull \hbox (18.73172pt too wide) in paragraph at lines 216--218
\EU1/DroidSerif(0)/m/n/12 world, 
 []


Overfull \hbox (1.19264pt too wide) in paragraph at lines 216--218
\EU1/DroidSerif(0)/m/n/12 etc. 
 []


Overfull \hbox (16.20671pt too wide) in paragraph at lines 219--221
[]|\EU1/DroidSerif(0)/bx/n/12 Logic 
 []


Overfull \hbox (14.28484pt too wide) in paragraph at lines 222--225
[]|\EU1/DroidSerif(0)/m/n/12 Solve 
 []


Overfull \hbox (2.45804pt too wide) in paragraph at lines 222--225
\EU1/DroidSerif(0)/m/n/12 rid- 
 []


Overfull \hbox (8.16179pt too wide) in paragraph at lines 222--225
\EU1/DroidSerif(0)/m/n/12 dles, 
 []


Overfull \hbox (10.51051pt too wide) in paragraph at lines 222--225
\EU1/DroidSerif(0)/m/n/12 pher 
 []


Overfull \hbox (11.85905pt too wide) in paragraph at lines 222--225
\EU1/DroidSerif(0)/m/n/12 code, 
 []


Overfull \hbox (0.7764pt too wide) in paragraph at lines 222--225
\EU1/DroidSerif(0)/m/n/12 im- 
 []


Overfull \hbox (5.54593pt too wide) in paragraph at lines 222--225
\EU1/DroidSerif(0)/m/n/12 pro- 
 []


Overfull \hbox (6.01495pt too wide) in paragraph at lines 222--225
\EU1/DroidSerif(0)/m/n/12 vise 
 []


Overfull \hbox (7.03679pt too wide) in paragraph at lines 222--225
\EU1/DroidSerif(0)/m/n/12 tool, 
 []


Overfull \hbox (0.95804pt too wide) in paragraph at lines 222--225
\EU1/DroidSerif(0)/m/n/12 un- 
 []


Overfull \hbox (5.04202pt too wide) in paragraph at lines 222--225
\EU1/DroidSerif(0)/m/n/12 der- 
 []


Overfull \hbox (15.23991pt too wide) in paragraph at lines 222--225
\EU1/DroidSerif(0)/m/n/12 stand 
 []


Overfull \hbox (2.00359pt too wide) in paragraph at lines 222--225
\EU1/DroidSerif(0)/m/n/12 the 
 []


Overfull \hbox (16.09538pt too wide) in paragraph at lines 222--225
\EU1/DroidSerif(0)/m/n/12 emys 
 []


Overfull \hbox (11.63382pt too wide) in paragraph at lines 222--225
\EU1/DroidSerif(0)/m/n/12 strat- 
 []


Overfull \hbox (3.81999pt too wide) in paragraph at lines 222--225
\EU1/DroidSerif(0)/m/n/12 egy, 
 []


Overfull \hbox (7.11296pt too wide) in paragraph at lines 222--225
\EU1/DroidSerif(0)/m/n/12 find 
 []


Overfull \hbox (10.53812pt too wide) in paragraph at lines 222--225
\EU1/DroidSerif(0)/m/n/12 loop- 
 []


Overfull \hbox (8.42546pt too wide) in paragraph at lines 222--225
\EU1/DroidSerif(0)/m/n/12 hole 
 []


Overfull \hbox (49.87468pt too wide) in paragraph at lines 226--228
[]|\EU1/DroidSerif(0)/bx/n/12 Perception 
 []


Overfull \hbox (16.2653pt too wide) in paragraph at lines 229--232
[]|\EU1/DroidSerif(0)/m/n/12 Sense 
 []


Overfull \hbox (5.52419pt too wide) in paragraph at lines 229--232
\EU1/DroidSerif(0)/m/n/12 rior 
 []


Overfull \hbox (3.86429pt too wide) in paragraph at lines 229--232
\EU1/DroidSerif(0)/m/n/12 mo- 
 []


Overfull \hbox (12.08757pt too wide) in paragraph at lines 229--232
\EU1/DroidSerif(0)/m/n/12 tives, 
 []


Overfull \hbox (12.71222pt too wide) in paragraph at lines 229--232
\EU1/DroidSerif(0)/m/n/12 track 
 []


Overfull \hbox (15.70023pt too wide) in paragraph at lines 229--232
\EU1/DroidSerif(0)/m/n/12 some- 
 []


Overfull \hbox (6.3278pt too wide) in paragraph at lines 229--232
\EU1/DroidSerif(0)/m/n/12 one, 
 []


Overfull \hbox (14.15007pt too wide) in paragraph at lines 229--232
\EU1/DroidSerif(0)/m/n/12 catch 
 []


Overfull \hbox (2.03874pt too wide) in paragraph at lines 229--232
\EU1/DroidSerif(0)/m/n/12 gut 
 []


Overfull \hbox (6.59476pt too wide) in paragraph at lines 229--232
\EU1/DroidSerif(0)/m/n/12 feel- 
 []


Overfull \hbox (3.27507pt too wide) in paragraph at lines 229--232
\EU1/DroidSerif(0)/m/n/12 ing, 
 []


Overfull \hbox (7.6696pt too wide) in paragraph at lines 229--232
\EU1/DroidSerif(0)/m/n/12 spot 
 []


Overfull \hbox (4.42093pt too wide) in paragraph at lines 229--232
\EU1/DroidSerif(0)/m/n/12 hid- 
 []


Overfull \hbox (5.26726pt too wide) in paragraph at lines 229--232
\EU1/DroidSerif(0)/m/n/12 den 
 []


Overfull \hbox (3.01726pt too wide) in paragraph at lines 229--232
\EU1/DroidSerif(0)/m/n/12 foe, 
 []


Overfull \hbox (7.11296pt too wide) in paragraph at lines 229--232
\EU1/DroidSerif(0)/m/n/12 find 
 []


Overfull \hbox (5.94695pt too wide) in paragraph at lines 229--232
\EU1/DroidSerif(0)/m/n/12 cret 
 []


Overfull \hbox (10.32301pt too wide) in paragraph at lines 229--232
\EU1/DroidSerif(0)/m/n/12 door 
 []


Overfull \hbox (9.21648pt too wide) in paragraph at lines 233--235
[]|\EU1/DroidSerif(0)/bx/n/12 Will 
 []


Overfull \hbox (35.88835pt too wide) in paragraph at lines 236--239
[]|\EU1/DroidSerif(0)/m/n/12 Maintain 
 []


Overfull \hbox (10.42848pt too wide) in paragraph at lines 236--239
\EU1/DroidSerif(0)/m/n/12 your 
 []


Overfull \hbox (14.67155pt too wide) in paragraph at lines 236--239
\EU1/DroidSerif(0)/m/n/12 solve, 
 []


Overfull \hbox (11.55179pt too wide) in paragraph at lines 236--239
\EU1/DroidSerif(0)/m/n/12 over- 
 []


Overfull \hbox (14.33171pt too wide) in paragraph at lines 236--239
\EU1/DroidSerif(0)/m/n/12 come 
 []


Overfull \hbox (4.278pt too wide) in paragraph at lines 236--239
\EU1/DroidSerif(0)/m/n/12 ver- 
 []


Overfull \hbox (4.41765pt too wide) in paragraph at lines 236--239
\EU1/DroidSerif(0)/m/n/12 sity, 
 []


Overfull \hbox (2.63054pt too wide) in paragraph at lines 236--239
\EU1/DroidSerif(0)/m/n/12 sist 
 []


Overfull \hbox (2.4053pt too wide) in paragraph at lines 236--239
\EU1/DroidSerif(0)/m/n/12 tor- 
 []


Overfull \hbox (9.15788pt too wide) in paragraph at lines 236--239
\EU1/DroidSerif(0)/m/n/12 ture, 
 []


Overfull \hbox (6.33751pt too wide) in paragraph at lines 236--239
\EU1/DroidSerif(0)/m/n/12 stay 
 []


Overfull \hbox (20.7946pt too wide) in paragraph at lines 236--239
\EU1/DroidSerif(0)/m/n/12 awake 
 []


Overfull \hbox (19.56961pt too wide) in paragraph at lines 236--239
\EU1/DroidSerif(0)/m/n/12 watch, 
 []


Overfull \hbox (13.50554pt too wide) in paragraph at lines 236--239
\EU1/DroidSerif(0)/m/n/12 stave 
 []


Overfull \hbox (5.51077pt too wide) in paragraph at lines 236--239
\EU1/DroidSerif(0)/m/n/12 san- 
 []


Underfull \vbox (badness 10000) detected at line 241
 []

File: assets/paper-bg.jpg Graphic file (type QTm)
<use  "assets/paper-bg.jpg" > [4]
File: assets/paper-bg.jpg Graphic file (type QTm)
 <use  "assets/paper-bg.jpg" > [5]
Overfull \hbox (45.14616pt too wide) in paragraph at lines 254--256
[]|\EU1/DroidSerif(0)/bx/n/12 Deception 
 []


Overfull \hbox (4.59929pt too wide) in paragraph at lines 257--260
[]|\EU1/DroidSerif(0)/m/n/12 Tell 
 []


Overfull \hbox (11.30241pt too wide) in paragraph at lines 257--260
\EU1/DroidSerif(0)/m/n/12 bluff 
 []


Overfull \hbox (16.33562pt too wide) in paragraph at lines 257--260
\EU1/DroidSerif(0)/m/n/12 cards, 
 []


Overfull \hbox (2.2178pt too wide) in paragraph at lines 257--260
\EU1/DroidSerif(0)/m/n/12 dis- 
 []


Overfull \hbox (13.48796pt too wide) in paragraph at lines 257--260
\EU1/DroidSerif(0)/m/n/12 guise 
 []


Overfull \hbox (12.57718pt too wide) in paragraph at lines 257--260
\EU1/DroidSerif(0)/m/n/12 your- 
 []


Overfull \hbox (5.22624pt too wide) in paragraph at lines 257--260
\EU1/DroidSerif(0)/m/n/12 self, 
 []


Overfull \hbox (22.71648pt too wide) in paragraph at lines 257--260
\EU1/DroidSerif(0)/m/n/12 spread 
 []


Overfull \hbox (14.57195pt too wide) in paragraph at lines 257--260
\EU1/DroidSerif(0)/m/n/12 mors, 
 []


Overfull \hbox (12.9346pt too wide) in paragraph at lines 257--260
\EU1/DroidSerif(0)/m/n/12 swin- 
 []


Overfull \hbox (1.24773pt too wide) in paragraph at lines 257--260
\EU1/DroidSerif(0)/m/n/12 dle 
 []


Overfull \hbox (21.24489pt too wide) in paragraph at lines 257--260
\EU1/DroidSerif(0)/m/n/12 sucker 
 []


Overfull \hbox (51.00554pt too wide) in paragraph at lines 261--263
[]|\EU1/DroidSerif(0)/bx/n/12 Persuasion 
 []


Overfull \hbox (38.16765pt too wide) in paragraph at lines 264--266
[]|\EU1/DroidSerif(0)/m/n/12 Negotiate 
 []


Overfull \hbox (9.50359pt too wide) in paragraph at lines 264--266
\EU1/DroidSerif(0)/m/n/12 deal, 
 []


Overfull \hbox (6.17288pt too wide) in paragraph at lines 264--266
\EU1/DroidSerif(0)/m/n/12 con- 
 []


Overfull \hbox (14.24738pt too wide) in paragraph at lines 264--266
\EU1/DroidSerif(0)/m/n/12 vince 
 []


Overfull \hbox (15.70023pt too wide) in paragraph at lines 264--266
\EU1/DroidSerif(0)/m/n/12 some- 
 []


Overfull \hbox (6.3278pt too wide) in paragraph at lines 264--266
\EU1/DroidSerif(0)/m/n/12 one, 
 []


Overfull \hbox (6.4307pt too wide) in paragraph at lines 264--266
\EU1/DroidSerif(0)/m/n/12 hag- 
 []


Overfull \hbox (11.41374pt too wide) in paragraph at lines 264--266
\EU1/DroidSerif(0)/m/n/12 good 
 []


Overfull \hbox (14.42546pt too wide) in paragraph at lines 264--266
\EU1/DroidSerif(0)/m/n/12 price, 
 []


Overfull \hbox (3.20274pt too wide) in paragraph at lines 264--266
\EU1/DroidSerif(0)/m/n/12 pry 
 []


Overfull \hbox (2.61038pt too wide) in paragraph at lines 264--266
\EU1/DroidSerif(0)/m/n/12 for- 
 []


Overfull \hbox (3.69437pt too wide) in paragraph at lines 264--266
\EU1/DroidSerif(0)/m/n/12 ma- 
 []


Overfull \hbox (6.46843pt too wide) in paragraph at lines 264--266
\EU1/DroidSerif(0)/m/n/12 tion 
 []


Overfull \hbox (38.40202pt too wide) in paragraph at lines 267--269
[]|\EU1/DroidSerif(0)/bx/n/12 Presence 
 []


Overfull \hbox (9.5153pt too wide) in paragraph at lines 270--273
[]|\EU1/DroidSerif(0)/m/n/12 Give 
 []


Overfull \hbox (24.3864pt too wide) in paragraph at lines 270--273
\EU1/DroidSerif(0)/m/n/12 speech, 
 []


Overfull \hbox (7.18913pt too wide) in paragraph at lines 270--273
\EU1/DroidSerif(0)/m/n/12 sing 
 []


Overfull \hbox (11.77702pt too wide) in paragraph at lines 270--273
\EU1/DroidSerif(0)/m/n/12 song, 
 []


Overfull \hbox (12.43327pt too wide) in paragraph at lines 270--273
\EU1/DroidSerif(0)/m/n/12 spire 
 []


Overfull \hbox (14.68913pt too wide) in paragraph at lines 270--273
\EU1/DroidSerif(0)/m/n/12 army, 
 []


Overfull \hbox (10.42848pt too wide) in paragraph at lines 270--273
\EU1/DroidSerif(0)/m/n/12 your 
 []


Overfull \hbox (13.0778pt too wide) in paragraph at lines 270--273
\EU1/DroidSerif(0)/m/n/12 force 
 []


Overfull \hbox (5.04202pt too wide) in paragraph at lines 270--273
\EU1/DroidSerif(0)/m/n/12 per- 
 []


Overfull \hbox (5.6807pt too wide) in paragraph at lines 270--273
\EU1/DroidSerif(0)/m/n/12 son- 
 []


Overfull \hbox (11.48405pt too wide) in paragraph at lines 270--273
\EU1/DroidSerif(0)/m/n/12 have 
 []


Overfull \hbox (7.65558pt too wide) in paragraph at lines 270--273
\EU1/DroidSerif(0)/m/n/12 luck 
 []


Overfull \hbox (14.47234pt too wide) in paragraph at lines 270--273
\EU1/DroidSerif(0)/m/n/12 smile 
 []


Overfull \hbox (13.38835pt too wide) in paragraph at lines 270--273
\EU1/DroidSerif(0)/m/n/12 upon 
 []


Overfull \hbox (5.06218pt too wide) in paragraph at lines 270--273
\EU1/DroidSerif(0)/m/n/12 you 
 []


Underfull \vbox (badness 10000) detected at line 275
 []

File: assets/paper-bg.jpg Graphic file (type QTm)
<use  "assets/paper-bg.jpg" > [6]
Overfull \hbox (50.37273pt too wide) in paragraph at lines 288--290
[]|\EU1/DroidSerif(0)/bx/n/12 Abjuration 
 []


Overfull \hbox (24.34538pt too wide) in paragraph at lines 291--293
[]|\EU1/DroidSerif(0)/m/n/12 Protect 
 []


Overfull \hbox (12.08757pt too wide) in paragraph at lines 291--293
\EU1/DroidSerif(0)/m/n/12 from 
 []


Overfull \hbox (11.0596pt too wide) in paragraph at lines 291--293
\EU1/DroidSerif(0)/m/n/12 dam- 
 []


Overfull \hbox (4.87468pt too wide) in paragraph at lines 291--293
\EU1/DroidSerif(0)/m/n/12 age, 
 []


Overfull \hbox (16.6087pt too wide) in paragraph at lines 291--293
\EU1/DroidSerif(0)/m/n/12 break 
 []


Overfull \hbox (17.84476pt too wide) in paragraph at lines 291--293
\EU1/DroidSerif(0)/m/n/12 chant- 
 []


Overfull \hbox (20.37859pt too wide) in paragraph at lines 291--293
\EU1/DroidSerif(0)/m/n/12 ments, 
 []


Overfull \hbox (2.2178pt too wide) in paragraph at lines 291--293
\EU1/DroidSerif(0)/m/n/12 dis- 
 []


Overfull \hbox (1.24773pt too wide) in paragraph at lines 291--293
\EU1/DroidSerif(0)/m/n/12 pel 
 []


Overfull \hbox (19.53484pt too wide) in paragraph at lines 291--293
\EU1/DroidSerif(0)/m/n/12 magic, 
 []


Overfull \hbox (10.04851pt too wide) in paragraph at lines 291--293
\EU1/DroidSerif(0)/m/n/12 bind 
 []


Overfull \hbox (28.94499pt too wide) in paragraph at lines 291--293
\EU1/DroidSerif(0)/m/n/12 demons 
 []


Overfull \hbox (32.16534pt too wide) in paragraph at lines 294--296
[]|\EU1/DroidSerif(0)/bx/n/12 Entropy 
 []


Overfull \hbox (53.21452pt too wide) in paragraph at lines 297--299
[]|\EU1/DroidSerif(0)/m/n/12 Disintegrate 
 []


Overfull \hbox (7.91898pt too wide) in paragraph at lines 297--299
\EU1/DroidSerif(0)/m/n/12 mat- 
 []


Overfull \hbox (1.5407pt too wide) in paragraph at lines 297--299
\EU1/DroidSerif(0)/m/n/12 ter, 
 []


Overfull \hbox (2.03874pt too wide) in paragraph at lines 297--299
\EU1/DroidSerif(0)/m/n/12 kill 
 []


Overfull \hbox (9.24539pt too wide) in paragraph at lines 297--299
\EU1/DroidSerif(0)/m/n/12 with 
 []


Overfull \hbox (15.01102pt too wide) in paragraph at lines 297--299
\EU1/DroidSerif(0)/m/n/12 word, 
 []


Overfull \hbox (3.58304pt too wide) in paragraph at lines 297--299
\EU1/DroidSerif(0)/m/n/12 cre- 
 []


Overfull \hbox (1.14226pt too wide) in paragraph at lines 297--299
\EU1/DroidSerif(0)/m/n/12 ate 
 []


Overfull \hbox (0.95804pt too wide) in paragraph at lines 297--299
\EU1/DroidSerif(0)/m/n/12 un- 
 []


Overfull \hbox (13.14812pt too wide) in paragraph at lines 297--299
\EU1/DroidSerif(0)/m/n/12 dead, 
 []


Overfull \hbox (19.83952pt too wide) in paragraph at lines 297--299
\EU1/DroidSerif(0)/m/n/12 sicken 
 []


Overfull \hbox (4.3682pt too wide) in paragraph at lines 297--299
\EU1/DroidSerif(0)/m/n/12 oth- 
 []


Overfull \hbox (1.23015pt too wide) in paragraph at lines 297--299
\EU1/DroidSerif(0)/m/n/12 ers 
 []


Overfull \hbox (46.37077pt too wide) in paragraph at lines 300--302
[]|\EU1/DroidSerif(0)/bx/n/12 Alteration 
 []


Overfull \hbox (26.09734pt too wide) in paragraph at lines 303--306
[]|\EU1/DroidSerif(0)/m/n/12 Change 
 []


Overfull \hbox (18.81413pt too wide) in paragraph at lines 303--306
\EU1/DroidSerif(0)/m/n/12 shape, 
 []


Overfull \hbox (19.91312pt too wide) in paragraph at lines 303--306
\EU1/DroidSerif(0)/m/n/12 molec- 
 []


Overfull \hbox (14.41702pt too wide) in paragraph at lines 303--306
\EU1/DroidSerif(0)/m/n/12 struc- 
 []


Overfull \hbox (14.57195pt too wide) in paragraph at lines 303--306
\EU1/DroidSerif(0)/m/n/12 tures, 
 []


Overfull \hbox (15.14944pt too wide) in paragraph at lines 303--306
\EU1/DroidSerif(0)/m/n/12 trans- 
 []


Overfull \hbox (13.34148pt too wide) in paragraph at lines 303--306
\EU1/DroidSerif(0)/m/n/12 mute 
 []


Overfull \hbox (4.8278pt too wide) in paragraph at lines 303--306
\EU1/DroidSerif(0)/m/n/12 one 
 []


Overfull \hbox (3.69437pt too wide) in paragraph at lines 303--306
\EU1/DroidSerif(0)/m/n/12 ma- 
 []


Overfull \hbox (3.70866pt too wide) in paragraph at lines 303--306
\EU1/DroidSerif(0)/m/n/12 rial 
 []


Overfull \hbox (6.46843pt too wide) in paragraph at lines 303--306
\EU1/DroidSerif(0)/m/n/12 into 
 []


Overfull \hbox (14.29567pt too wide) in paragraph at lines 303--306
\EU1/DroidSerif(0)/m/n/12 other 
 []


Overfull \hbox (65.49577pt too wide) in paragraph at lines 307--309
[]|\EU1/DroidSerif(0)/bx/n/12 Enchantment 
 []


Overfull \hbox (26.29655pt too wide) in paragraph at lines 310--313
[]|\EU1/DroidSerif(0)/m/n/12 Control 
 []


Overfull \hbox (2.00359pt too wide) in paragraph at lines 310--313
\EU1/DroidSerif(0)/m/n/12 the 
 []


Overfull \hbox (19.43523pt too wide) in paragraph at lines 310--313
\EU1/DroidSerif(0)/m/n/12 minds 
 []


Overfull \hbox (4.3682pt too wide) in paragraph at lines 310--313
\EU1/DroidSerif(0)/m/n/12 oth- 
 []


Overfull \hbox (2.73015pt too wide) in paragraph at lines 310--313
\EU1/DroidSerif(0)/m/n/12 ers, 
 []


Overfull \hbox (11.22952pt too wide) in paragraph at lines 310--313
\EU1/DroidSerif(0)/m/n/12 dom- 
 []


Overfull \hbox (8.88249pt too wide) in paragraph at lines 310--313
\EU1/DroidSerif(0)/m/n/12 nate 
 []


Overfull \hbox (11.75906pt too wide) in paragraph at lines 310--313
\EU1/DroidSerif(0)/m/n/12 wills, 
 []


Overfull \hbox (16.36847pt too wide) in paragraph at lines 310--313
\EU1/DroidSerif(0)/m/n/12 speak 
 []


Overfull \hbox (6.38968pt too wide) in paragraph at lines 310--313
\EU1/DroidSerif(0)/m/n/12 tele- 
 []


Overfull \hbox (11.5635pt too wide) in paragraph at lines 310--313
\EU1/DroidSerif(0)/m/n/12 path- 
 []


Overfull \hbox (11.0446pt too wide) in paragraph at lines 310--313
\EU1/DroidSerif(0)/m/n/12 cally, 
 []


Overfull \hbox (4.65788pt too wide) in paragraph at lines 310--313
\EU1/DroidSerif(0)/m/n/12 still 
 []


Overfull \hbox (5.04202pt too wide) in paragraph at lines 310--313
\EU1/DroidSerif(0)/m/n/12 per- 
 []


Overfull \hbox (4.32132pt too wide) in paragraph at lines 310--313
\EU1/DroidSerif(0)/m/n/12 nat- 
 []


Overfull \hbox (6.71364pt too wide) in paragraph at lines 310--313
\EU1/DroidSerif(0)/m/n/12 fear 
 []


Overfull \hbox (36.50945pt too wide) in paragraph at lines 314--316
[]|\EU1/DroidSerif(0)/bx/n/12 Creation 
 []


Overfull \hbox (49.1364pt too wide) in paragraph at lines 317--320
[]|\EU1/DroidSerif(0)/m/n/12 Channeling 
 []


Overfull \hbox (21.05739pt too wide) in paragraph at lines 317--320
\EU1/DroidSerif(0)/m/n/12 higher 
 []


Overfull \hbox (10.23343pt too wide) in paragraph at lines 317--320
\EU1/DroidSerif(0)/m/n/12 pow- 
 []


Overfull \hbox (1.23015pt too wide) in paragraph at lines 317--320
\EU1/DroidSerif(0)/m/n/12 ers 
 []


Overfull \hbox (10.11624pt too wide) in paragraph at lines 317--320
\EU1/DroidSerif(0)/m/n/12 heal- 
 []


Overfull \hbox (3.27507pt too wide) in paragraph at lines 317--320
\EU1/DroidSerif(0)/m/n/12 ing, 
 []


Overfull \hbox (3.58304pt too wide) in paragraph at lines 317--320
\EU1/DroidSerif(0)/m/n/12 cre- 
 []


Overfull \hbox (14.72429pt too wide) in paragraph at lines 317--320
\EU1/DroidSerif(0)/m/n/12 ation, 
 []


Overfull \hbox (3.09085pt too wide) in paragraph at lines 317--320
\EU1/DroidSerif(0)/m/n/12 res- 
 []


Overfull \hbox (3.58304pt too wide) in paragraph at lines 317--320
\EU1/DroidSerif(0)/m/n/12 rec- 
 []


Overfull \hbox (7.96843pt too wide) in paragraph at lines 317--320
\EU1/DroidSerif(0)/m/n/12 tion, 
 []


Overfull \hbox (8.34113pt too wide) in paragraph at lines 317--320
\EU1/DroidSerif(0)/m/n/12 vine 
 []


Overfull \hbox (18.71452pt too wide) in paragraph at lines 317--320
\EU1/DroidSerif(0)/m/n/12 might, 
 []


Overfull \hbox (1.19264pt too wide) in paragraph at lines 317--320
\EU1/DroidSerif(0)/m/n/12 etc. 
 []


Overfull \hbox (30.43913pt too wide) in paragraph at lines 321--323
[]|\EU1/DroidSerif(0)/bx/n/12 Illusion 
 []


Overfull \hbox (20.58366pt too wide) in paragraph at lines 324--326
[]|\EU1/DroidSerif(0)/m/n/12 Create 
 []


Overfull \hbox (8.17735pt too wide) in paragraph at lines 324--326
\EU1/DroidSerif(0)/m/n/12 sory 
 []


Overfull \hbox (20.37859pt too wide) in paragraph at lines 324--326
\EU1/DroidSerif(0)/m/n/12 ments, 
 []


Overfull \hbox (13.27702pt too wide) in paragraph at lines 324--326
\EU1/DroidSerif(0)/m/n/12 ceive 
 []


Overfull \hbox (2.00359pt too wide) in paragraph at lines 324--326
\EU1/DroidSerif(0)/m/n/12 the 
 []


Overfull \hbox (22.06609pt too wide) in paragraph at lines 324--326
\EU1/DroidSerif(0)/m/n/12 senses, 
 []


Overfull \hbox (13.72003pt too wide) in paragraph at lines 324--326
\EU1/DroidSerif(0)/m/n/12 cloak 
 []


Overfull \hbox (9.24539pt too wide) in paragraph at lines 324--326
\EU1/DroidSerif(0)/m/n/12 with 
 []


Overfull \hbox (1.45378pt too wide) in paragraph at lines 324--326
\EU1/DroidSerif(0)/m/n/12 vis- 
 []


Overfull \hbox (0.52444pt too wide) in paragraph at lines 324--326
\EU1/DroidSerif(0)/m/n/12 bil- 
 []


Overfull \hbox (48.29851pt too wide) in paragraph at lines 327--329
[]|\EU1/DroidSerif(0)/bx/n/12 Divination 
 []


Overfull \hbox (3.11101pt too wide) in paragraph at lines 330--333
[]|\EU1/DroidSerif(0)/m/n/12 See 
 []


Overfull \hbox (2.00359pt too wide) in paragraph at lines 330--333
\EU1/DroidSerif(0)/m/n/12 the 
 []


Overfull \hbox (9.15788pt too wide) in paragraph at lines 330--333
\EU1/DroidSerif(0)/m/n/12 ture, 
 []


Overfull \hbox (4.51726pt too wide) in paragraph at lines 330--333
\EU1/DroidSerif(0)/m/n/12 tect 
 []


Overfull \hbox (19.53484pt too wide) in paragraph at lines 330--333
\EU1/DroidSerif(0)/m/n/12 magic, 
 []


Overfull \hbox (4.51726pt too wide) in paragraph at lines 330--333
\EU1/DroidSerif(0)/m/n/12 tect 
 []


Overfull \hbox (6.1696pt too wide) in paragraph at lines 330--333
\EU1/DroidSerif(0)/m/n/12 evil, 
 []


Overfull \hbox (7.9157pt too wide) in paragraph at lines 330--333
\EU1/DroidSerif(0)/m/n/12 scry, 
 []


Overfull \hbox (9.77054pt too wide) in paragraph at lines 330--333
\EU1/DroidSerif(0)/m/n/12 com- 
 []


Overfull \hbox (4.5557pt too wide) in paragraph at lines 330--333
\EU1/DroidSerif(0)/m/n/12 mu- 
 []


Overfull \hbox (7.04851pt too wide) in paragraph at lines 330--333
\EU1/DroidSerif(0)/m/n/12 cate 
 []


Overfull \hbox (9.24539pt too wide) in paragraph at lines 330--333
\EU1/DroidSerif(0)/m/n/12 with 
 []


Overfull \hbox (1.99515pt too wide) in paragraph at lines 330--333
\EU1/DroidSerif(0)/m/n/12 tra- 
 []


Overfull \hbox (3.44241pt too wide) in paragraph at lines 330--333
\EU1/DroidSerif(0)/m/n/12 pla- 
 []


Overfull \hbox (3.60231pt too wide) in paragraph at lines 330--333
\EU1/DroidSerif(0)/m/n/12 nar 
 []


Overfull \hbox (3.63835pt too wide) in paragraph at lines 330--333
\EU1/DroidSerif(0)/m/n/12 ties 
 []


Overfull \hbox (48.18132pt too wide) in paragraph at lines 334--336
[]|\EU1/DroidSerif(0)/bx/n/12 Movement 
 []


Overfull \hbox (32.97038pt too wide) in paragraph at lines 337--339
[]|\EU1/DroidSerif(0)/m/n/12 Teleport, 
 []


Overfull \hbox (5.38773pt too wide) in paragraph at lines 337--339
\EU1/DroidSerif(0)/m/n/12 has- 
 []


Overfull \hbox (3.62663pt too wide) in paragraph at lines 337--339
\EU1/DroidSerif(0)/m/n/12 ten, 
 []


Overfull \hbox (9.62625pt too wide) in paragraph at lines 337--339
\EU1/DroidSerif(0)/m/n/12 slow 
 []


Overfull \hbox (26.02472pt too wide) in paragraph at lines 340--342
[]|\EU1/DroidSerif(0)/bx/n/12 Energy 
 []


Overfull \hbox (20.58366pt too wide) in paragraph at lines 343--345
[]|\EU1/DroidSerif(0)/m/n/12 Create 
 []


Overfull \hbox (5.60124pt too wide) in paragraph at lines 343--345
\EU1/DroidSerif(0)/m/n/12 and 
 []


Overfull \hbox (6.17288pt too wide) in paragraph at lines 343--345
\EU1/DroidSerif(0)/m/n/12 con- 
 []


Overfull \hbox (4.2653pt too wide) in paragraph at lines 343--345
\EU1/DroidSerif(0)/m/n/12 trol 
 []


Overfull \hbox (2.00359pt too wide) in paragraph at lines 343--345
\EU1/DroidSerif(0)/m/n/12 the 
 []


Overfull \hbox (40.24304pt too wide) in paragraph at lines 343--345
\EU1/DroidSerif(0)/m/n/12 elements 
 []


Overfull \hbox (5.58366pt too wide) in paragraph at lines 343--345
\EU1/DroidSerif(0)/m/n/12 fire, 
 []


Overfull \hbox (9.15788pt too wide) in paragraph at lines 343--345
\EU1/DroidSerif(0)/m/n/12 cold, 
 []


Overfull \hbox (8.07132pt too wide) in paragraph at lines 343--345
\EU1/DroidSerif(0)/m/n/12 elec- 
 []


Overfull \hbox (5.22366pt too wide) in paragraph at lines 343--345
\EU1/DroidSerif(0)/m/n/12 tric- 
 []


Overfull \hbox (1.19264pt too wide) in paragraph at lines 343--345
\EU1/DroidSerif(0)/m/n/12 etc. 
 []


Overfull \hbox (29.0739pt too wide) in paragraph at lines 346--348
[]|\EU1/DroidSerif(0)/bx/n/12 Psychic 
 []


Overfull \hbox (64.81609pt too wide) in paragraph at lines 349--351
[]|\EU1/DroidSerif(0)/m/n/12 Psychokinesis, 
 []


Overfull \hbox (31.40921pt too wide) in paragraph at lines 349--351
\EU1/DroidSerif(0)/m/n/12 telekine- 
 []


Overfull \hbox (14.02116pt too wide) in paragraph at lines 349--351
\EU1/DroidSerif(0)/m/n/12 mind 
 []


Overfull \hbox (9.40309pt too wide) in paragraph at lines 349--351
\EU1/DroidSerif(0)/m/n/12 over 
 []


Overfull \hbox (7.91898pt too wide) in paragraph at lines 349--351
\EU1/DroidSerif(0)/m/n/12 mat- 
 []


Overfull \hbox (1.5407pt too wide) in paragraph at lines 349--351
\EU1/DroidSerif(0)/m/n/12 ter, 
 []


Overfull \hbox (21.57132pt too wide) in paragraph at lines 349--351
\EU1/DroidSerif(0)/m/n/12 trasen- 
 []


Overfull \hbox (8.17735pt too wide) in paragraph at lines 349--351
\EU1/DroidSerif(0)/m/n/12 sory 
 []


Overfull \hbox (5.04202pt too wide) in paragraph at lines 349--351
\EU1/DroidSerif(0)/m/n/12 per- 
 []


Overfull \hbox (5.29398pt too wide) in paragraph at lines 349--351
\EU1/DroidSerif(0)/m/n/12 cep- 
 []


Overfull \hbox (6.46843pt too wide) in paragraph at lines 349--351
\EU1/DroidSerif(0)/m/n/12 tion 
 []


Underfull \vbox (badness 10000) detected at line 353
 []

File: assets/paper-bg.jpg Graphic file (type QTm)
<use  "assets/paper-bg.jpg" > [7]
File: assets/paper-bg.jpg Graphic file (type QTm)
 <use  "assets/paper-bg.jpg" > [8]
File: assets/paper-bg.jpg Graphic file (type QTm)

<use  "assets/paper-bg.jpg" > [9]
File: assets/paper-bg.jpg Graphic file (type QTm)
 <use  "assets/paper-bg.jpg" > [10]
File: assets/paper-bg.jpg Graphic file (type QTm)

<use  "assets/paper-bg.jpg" > [11]
File: assets/paper-bg.jpg Graphic file (type QTm)
 <use  "assets/paper-bg.jpg" > [12]
File: assets/paper-bg.jpg Graphic file (type QTm)

<use  "assets/paper-bg.jpg" > [13]
File: assets/paper-bg.jpg Graphic file (type QTm)
 <use  "assets/paper-bg.jpg" > [14]
Overfull \hbox (27.16374pt too wide) in paragraph at lines 660--662
[]|\EU1/DroidSerif(0)/m/n/12 Paladin 
 []


Overfull \hbox (41.56023pt too wide) in paragraph at lines 663--665
[]|\EU1/DroidSerif(0)/m/n/12 Elemental 
 []


Overfull \hbox (14.63054pt too wide) in paragraph at lines 663--665
\EU1/DroidSerif(0)/m/n/12 Mage 
 []


Overfull \hbox (13.93913pt too wide) in paragraph at lines 666--668
[]|\EU1/DroidSerif(0)/m/n/12 Mind 
 []


Overfull \hbox (14.63054pt too wide) in paragraph at lines 666--668
\EU1/DroidSerif(0)/m/n/12 Mage 
 []


Overfull \hbox (35.77116pt too wide) in paragraph at lines 671--673
[]|\EU1/DroidSerif(0)/m/n/12 Attribute 
 []


Overfull \hbox (7.11038pt too wide) in paragraph at lines 671--673
\EU1/DroidSerif(0)/m/n/12 Sub- 
 []


Overfull \hbox (6.46843pt too wide) in paragraph at lines 671--673
\EU1/DroidSerif(0)/m/n/12 tion 
 []


Overfull \hbox (14.0732pt too wide) in paragraph at lines 671--673
\EU1/DroidSerif(0)/m/n/12 (Pres- 
 []


Overfull \hbox (10.23015pt too wide) in paragraph at lines 671--673
\EU1/DroidSerif(0)/m/n/12 ence 
 []


Overfull \hbox (20.45879pt too wide) in paragraph at lines 671--673
\EU1/DroidSerif(0)/m/n/12 Might) 
 []


Overfull \hbox (11.03288pt too wide) in paragraph at lines 674--676
[]|\EU1/DroidSerif(0)/m/n/12 Area 
 []


Overfull \hbox (3.61234pt too wide) in paragraph at lines 674--676
\EU1/DroidSerif(0)/m/n/12 Ma- 
 []


Overfull \hbox (4.54398pt too wide) in paragraph at lines 674--676
\EU1/DroidSerif(0)/m/n/12 nip- 
 []


Overfull \hbox (6.46843pt too wide) in paragraph at lines 674--676
\EU1/DroidSerif(0)/m/n/12 tion 
 []


Overfull \hbox (62.03874pt too wide) in paragraph at lines 677--679
[]|\EU1/DroidSerif(0)/m/n/12 Hallucination 
 []


Overfull \hbox (21.48512pt too wide) in paragraph at lines 680--682
[]|\EU1/DroidSerif(0)/m/n/12 Armor 
 []


Overfull \hbox (9.0264pt too wide) in paragraph at lines 680--682
\EU1/DroidSerif(0)/m/n/12 Mas- 
 []


Overfull \hbox (6.484pt too wide) in paragraph at lines 680--682
\EU1/DroidSerif(0)/m/n/12 tery 
 []


Overfull \hbox (16.80624pt too wide) in paragraph at lines 680--682
\EU1/DroidSerif(0)/m/n/12 (Scale 
 []


Overfull \hbox (12.63652pt too wide) in paragraph at lines 680--682
\EU1/DroidSerif(0)/m/n/12 Mail) 
 []


Overfull \hbox (19.9837pt too wide) in paragraph at lines 683--685
[]|\EU1/DroidSerif(0)/m/n/12 Attack 
 []


Overfull \hbox (5.91507pt too wide) in paragraph at lines 683--685
\EU1/DroidSerif(0)/m/n/12 Spe- 
 []


Overfull \hbox (5.82132pt too wide) in paragraph at lines 683--685
\EU1/DroidSerif(0)/m/n/12 cial- 
 []


Overfull \hbox (2.32913pt too wide) in paragraph at lines 683--685
\EU1/DroidSerif(0)/m/n/12 iza- 
 []


Overfull \hbox (6.46843pt too wide) in paragraph at lines 683--685
\EU1/DroidSerif(0)/m/n/12 tion 
 []


Overfull \hbox (16.17746pt too wide) in paragraph at lines 683--685
\EU1/DroidSerif(0)/m/n/12 (Cold) 
 []


Overfull \hbox (20.52507pt too wide) in paragraph at lines 686--688
[]|\EU1/DroidSerif(0)/m/n/12 Potent 
 []


Overfull \hbox (12.50359pt too wide) in paragraph at lines 686--688
\EU1/DroidSerif(0)/m/n/12 Bane 
 []


Overfull \hbox (18.69624pt too wide) in paragraph at lines 686--688
\EU1/DroidSerif(0)/m/n/12 (Phan- 
 []


Overfull \hbox (14.79863pt too wide) in paragraph at lines 686--688
\EU1/DroidSerif(0)/m/n/12 tasm) 
 []


Overfull \hbox (16.25687pt too wide) in paragraph at lines 689--691
[]|\EU1/DroidSerif(0)/m/n/12 Multi- 
 []


Overfull \hbox (17.4782pt too wide) in paragraph at lines 689--691
\EU1/DroidSerif(0)/m/n/12 target 
 []


Overfull \hbox (7.29816pt too wide) in paragraph at lines 689--691
\EU1/DroidSerif(0)/m/n/12 tack 
 []


Overfull \hbox (5.91507pt too wide) in paragraph at lines 689--691
\EU1/DroidSerif(0)/m/n/12 Spe- 
 []


Overfull \hbox (5.82132pt too wide) in paragraph at lines 689--691
\EU1/DroidSerif(0)/m/n/12 cial- 
 []


Overfull \hbox (18.09348pt too wide) in paragraph at lines 689--691
\EU1/DroidSerif(0)/m/n/12 (Area) 
 []

File: assets/paper-bg.jpg Graphic file (type QTm)
<use  "assets/paper-bg.jpg" > [15]
Overfull \hbox (32.19109pt too wide) in paragraph at lines 701--703
[]|\EU1/DroidSerif(0)/m/n/12 Assassin 
 []


Overfull \hbox (16.64616pt too wide) in paragraph at lines 704--706
[]|\EU1/DroidSerif(0)/m/n/12 Cleric 
 []


Overfull \hbox (16.93913pt too wide) in paragraph at lines 707--709
[]|\EU1/DroidSerif(0)/m/n/12 Druid 
 []


Overfull \hbox (25.94499pt too wide) in paragraph at lines 712--714
[]|\EU1/DroidSerif(0)/m/n/12 Martial 
 []


Overfull \hbox (2.67741pt too wide) in paragraph at lines 712--714
\EU1/DroidSerif(0)/m/n/12 cus 
 []


Overfull \hbox (11.27242pt too wide) in paragraph at lines 712--714
\EU1/DroidSerif(0)/m/n/12 (Dag- 
 []


Overfull \hbox (5.59941pt too wide) in paragraph at lines 712--714
\EU1/DroidSerif(0)/m/n/12 ger) 
 []


Overfull \hbox (48.1989pt too wide) in paragraph at lines 715--717
[]|\EU1/DroidSerif(0)/m/n/12 Restorative 
 []


Overfull \hbox (16.91757pt too wide) in paragraph at lines 715--717
\EU1/DroidSerif(0)/m/n/12 Adept 
 []


Overfull \hbox (21.48512pt too wide) in paragraph at lines 718--720
[]|\EU1/DroidSerif(0)/m/n/12 Armor 
 []


Overfull \hbox (5.91507pt too wide) in paragraph at lines 718--720
\EU1/DroidSerif(0)/m/n/12 Spe- 
 []


Overfull \hbox (5.82132pt too wide) in paragraph at lines 718--720
\EU1/DroidSerif(0)/m/n/12 cial- 
 []


Overfull \hbox (2.32913pt too wide) in paragraph at lines 718--720
\EU1/DroidSerif(0)/m/n/12 iza- 
 []


Overfull \hbox (6.46843pt too wide) in paragraph at lines 718--720
\EU1/DroidSerif(0)/m/n/12 tion 
 []


Overfull \hbox (16.80624pt too wide) in paragraph at lines 718--720
\EU1/DroidSerif(0)/m/n/12 (Scale 
 []


Overfull \hbox (12.63652pt too wide) in paragraph at lines 718--720
\EU1/DroidSerif(0)/m/n/12 Mail) 
 []


Overfull \hbox (19.95671pt too wide) in paragraph at lines 721--723
[]|\EU1/DroidSerif(0)/m/n/12 Lethal 
 []


Overfull \hbox (17.18523pt too wide) in paragraph at lines 721--723
\EU1/DroidSerif(0)/m/n/12 Strike 
 []


Overfull \hbox (21.48512pt too wide) in paragraph at lines 724--726
[]|\EU1/DroidSerif(0)/m/n/12 Armor 
 []


Overfull \hbox (5.91507pt too wide) in paragraph at lines 724--726
\EU1/DroidSerif(0)/m/n/12 Spe- 
 []


Overfull \hbox (5.82132pt too wide) in paragraph at lines 724--726
\EU1/DroidSerif(0)/m/n/12 cial- 
 []


Overfull \hbox (2.32913pt too wide) in paragraph at lines 724--726
\EU1/DroidSerif(0)/m/n/12 iza- 
 []


Overfull \hbox (6.46843pt too wide) in paragraph at lines 724--726
\EU1/DroidSerif(0)/m/n/12 tion 
 []


Overfull \hbox (16.80624pt too wide) in paragraph at lines 724--726
\EU1/DroidSerif(0)/m/n/12 (Scale 
 []


Overfull \hbox (12.63652pt too wide) in paragraph at lines 724--726
\EU1/DroidSerif(0)/m/n/12 Mail) 
 []


Overfull \hbox (39.0407pt too wide) in paragraph at lines 727--729
[]|\EU1/DroidSerif(0)/m/n/12 Ferocious 
 []


Overfull \hbox (8.4346pt too wide) in paragraph at lines 727--729
\EU1/DroidSerif(0)/m/n/12 Min- 
 []


Overfull \hbox (7.65788pt too wide) in paragraph at lines 727--729
\EU1/DroidSerif(0)/m/n/12 ions 
 []


Overfull \hbox (23.17848pt too wide) in paragraph at lines 730--732
[]|\EU1/DroidSerif(0)/m/n/12 Master 
 []


Overfull \hbox (22.16481pt too wide) in paragraph at lines 730--732
\EU1/DroidSerif(0)/m/n/12 Shifter 
 []


Overfull \hbox (13.17741pt too wide) in paragraph at lines 733--735
[]|\EU1/DroidSerif(0)/m/n/12 Boon 
 []


Overfull \hbox (2.67741pt too wide) in paragraph at lines 733--735
\EU1/DroidSerif(0)/m/n/12 cus 
 []


Overfull \hbox (51.01144pt too wide) in paragraph at lines 733--735
\EU1/DroidSerif(0)/m/n/12 (Shapeshift) 
 []

File: assets/paper-bg.jpg Graphic file (type QTm)
<use  "assets/paper-bg.jpg" > [16]
File: assets/paper-bg.jpg Graphic file (type QTm)
 <use  "assets/paper-bg.jpg" > [17]
File: assets/paper-bg.jpg Graphic file (type QTm)

<use  "assets/paper-bg.jpg" > [18]
File: assets/paper-bg.jpg Graphic file (type QTm)
 <use  "assets/paper-bg.jpg" > [19]
File: assets/paper-bg.jpg Graphic file (type QTm)

<use  "assets/paper-bg.jpg" > [20]
File: assets/paper-bg.jpg Graphic file (type QTm)
 <use  "assets/paper-bg.jpg" > [21]
File: assets/paper-bg.jpg Graphic file (type QTm)

<use  "assets/paper-bg.jpg" > [22]
Chapter 2.
File: assets/paper-bg.jpg Graphic file (type QTm)
<use  "assets/paper-bg.jpg" > [23

]
Package atveryend Info: Empty hook `BeforeClearDocument' on input line 1160.
Package atveryend Info: Empty hook `AfterLastShipout' on input line 1160.
 (./tex/my-book.aux)
Package atveryend Info: Empty hook `AtVeryEndDocument' on input line 1160.
Package atveryend Info: Empty hook `AtEndAfterFileList' on input line 1160.
Package atveryend Info: Empty hook `AtVeryVeryEnd' on input line 1160.
 ) 
Here is how much of TeX's memory you used:
 34107 strings out of 493668
 657308 string characters out of 6149572
 708720 words of memory out of 5000000
 37085 multiletter control sequences out of 15000+600000
 7889 words of font info for 57 fonts, out of 8000000 for 9000
 1328 hyphenation exceptions out of 8191
 55i,14n,61p,10389b,839s stack positions out of 5000i,500n,10000p,200000b,80000s

Output written on ./tex/my-book.pdf (24 pages).
